2025-09-25 16:36:35 INFO     __main__ :: Run initialized at: 20250925T163635Z | Logging to: logs/generator_20250925T163635Z.log
2025-09-25 16:36:35 INFO     __main__ :: Successfully loaded configuration from 'config/generator.yml'.
2025-09-25 16:36:35 INFO     __main__ :: Output directory set to: 'analytic-plans'
2025-09-25 16:36:35 INFO     src.attack_retriever :: Processing matrix: enterprise
2025-09-25 16:36:35 INFO     src.attack_retriever :: Using cached version of 'enterprise' matrix from 'enterprise-attack.json'.
2025-09-25 16:36:42 INFO     src.attack_retriever :: Processing matrix: mobile
2025-09-25 16:36:42 INFO     src.attack_retriever :: Using cached version of 'mobile' matrix from 'mobile-attack.json'.
2025-09-25 16:36:42 INFO     src.attack_retriever :: Processing matrix: ics
2025-09-25 16:36:42 INFO     src.attack_retriever :: Using cached version of 'ics' matrix from 'ics-attack.json'.
2025-09-25 16:36:43 INFO     src.attack_retriever :: Built dictionary with 883 unique techniques across 3 matrices.
2025-09-25 16:36:43 INFO     __main__ :: Filtering for 3 specific techniques from config.
2025-09-25 16:36:43 INFO     __main__ :: Will generate analytic plans for 3 techniques.
2025-09-25 16:36:43 INFO     __main__ :: [1/3] Generating plan for T0817 - Drive-by Compromise...
2025-09-25 16:36:43 WARNING  __main__ :: Using placeholder AI response. Replace 'generate_analytic_plan' with a real API call.
2025-09-25 16:36:43 INFO     __main__ :: [2/3] Generating plan for T0882 - Theft of Operational Information...
2025-09-25 16:36:43 WARNING  __main__ :: Using placeholder AI response. Replace 'generate_analytic_plan' with a real API call.
2025-09-25 16:36:43 INFO     __main__ :: [3/3] Generating plan for T0846 - Remote System Discovery...
2025-09-25 16:36:43 WARNING  __main__ :: Using placeholder AI response. Replace 'generate_analytic_plan' with a real API call.
2025-09-25 16:36:43 INFO     __main__ :: Saving generated analytic plans to disk...
2025-09-25 16:36:43 INFO     __main__ :: Successfully saved 3 IR(s) to 'analytic-plans/TA0003.json'.
2025-09-25 16:36:43 INFO     __main__ :: Script finished successfully.
