2025-09-25 18:46:41 INFO     __main__ :: Run initialized at: 20250925T184641Z | Logging to: logs/generator_20250925T184641Z.log
2025-09-25 18:46:41 INFO     __main__ :: Successfully loaded configuration from 'config/generator.yml'.
2025-09-25 18:46:41 INFO     src.attack_retriever :: Processing matrix: enterprise
2025-09-25 18:46:41 INFO     src.attack_retriever :: Using cached version of 'enterprise' matrix from 'enterprise-attack.json'.
2025-09-25 18:46:47 INFO     src.attack_retriever :: Processing matrix: mobile
2025-09-25 18:46:47 INFO     src.attack_retriever :: Using cached version of 'mobile' matrix from 'mobile-attack.json'.
2025-09-25 18:46:48 INFO     src.attack_retriever :: Processing matrix: ics
2025-09-25 18:46:48 INFO     src.attack_retriever :: Using cached version of 'ics' matrix from 'ics-attack.json'.
2025-09-25 18:46:48 INFO     src.attack_retriever :: Built dictionary with 883 unique techniques across 3 matrices.
2025-09-25 18:46:48 INFO     __main__ :: Processing all available techniques from selected matrices.
2025-09-25 18:46:48 INFO     __main__ :: Will generate analytic plans for 883 techniques.
2025-09-25 18:46:48 WARNING  __main__ :: Plan for T1055.011 already exists at 'techniques/attack/enterprise/T1055.011.json'. Skipping generation.
2025-09-25 18:46:48 WARNING  __main__ :: Plan for T1053.005 already exists at 'techniques/attack/enterprise/T1053.005.json'. Skipping generation.
2025-09-25 18:46:48 WARNING  __main__ :: Plan for T1205.002 already exists at 'techniques/attack/enterprise/T1205.002.json'. Skipping generation.
2025-09-25 18:46:48 WARNING  __main__ :: Plan for T1560.001 already exists at 'techniques/attack/enterprise/T1560.001.json'. Skipping generation.
2025-09-25 18:46:48 WARNING  __main__ :: Plan for T1021.005 already exists at 'techniques/attack/enterprise/T1021.005.json'. Skipping generation.
2025-09-25 18:46:48 WARNING  __main__ :: Plan for T1047 already exists at 'techniques/attack/enterprise/T1047.json'. Skipping generation.
2025-09-25 18:46:48 WARNING  __main__ :: Plan for T1113 already exists at 'techniques/attack/enterprise/T1113.json'. Skipping generation.
2025-09-25 18:46:48 WARNING  __main__ :: Plan for T1027.011 already exists at 'techniques/attack/enterprise/T1027.011.json'. Skipping generation.
2025-09-25 18:46:48 WARNING  __main__ :: Plan for T1037 already exists at 'techniques/attack/enterprise/T1037.json'. Skipping generation.
2025-09-25 18:46:48 WARNING  __main__ :: Plan for T1557 already exists at 'techniques/attack/enterprise/T1557.json'. Skipping generation.
2025-09-25 18:46:48 WARNING  __main__ :: Plan for T1033 already exists at 'techniques/attack/enterprise/T1033.json'. Skipping generation.
2025-09-25 18:46:48 WARNING  __main__ :: Plan for T1583 already exists at 'techniques/attack/enterprise/T1583.json'. Skipping generation.
2025-09-25 18:46:48 WARNING  __main__ :: Plan for T1218.011 already exists at 'techniques/attack/enterprise/T1218.011.json'. Skipping generation.
2025-09-25 18:46:48 WARNING  __main__ :: Plan for T1613 already exists at 'techniques/attack/enterprise/T1613.json'. Skipping generation.
2025-09-25 18:46:48 WARNING  __main__ :: Plan for T1583.007 already exists at 'techniques/attack/enterprise/T1583.007.json'. Skipping generation.
2025-09-25 18:46:48 WARNING  __main__ :: Plan for T1132.001 already exists at 'techniques/attack/enterprise/T1132.001.json'. Skipping generation.
2025-09-25 18:46:48 WARNING  __main__ :: Plan for T1027.009 already exists at 'techniques/attack/enterprise/T1027.009.json'. Skipping generation.
2025-09-25 18:46:48 WARNING  __main__ :: Plan for T1556.003 already exists at 'techniques/attack/enterprise/T1556.003.json'. Skipping generation.
2025-09-25 18:46:48 WARNING  __main__ :: Plan for T1578.004 already exists at 'techniques/attack/enterprise/T1578.004.json'. Skipping generation.
2025-09-25 18:46:48 WARNING  __main__ :: Plan for T1592 already exists at 'techniques/attack/enterprise/T1592.json'. Skipping generation.
2025-09-25 18:46:48 WARNING  __main__ :: Plan for T1596.003 already exists at 'techniques/attack/enterprise/T1596.003.json'. Skipping generation.
2025-09-25 18:46:48 WARNING  __main__ :: Plan for T1056.001 already exists at 'techniques/attack/enterprise/T1056.001.json'. Skipping generation.
2025-09-25 18:46:48 WARNING  __main__ :: Plan for T1564.012 already exists at 'techniques/attack/enterprise/T1564.012.json'. Skipping generation.
2025-09-25 18:46:48 WARNING  __main__ :: Plan for T1222.002 already exists at 'techniques/attack/enterprise/T1222.002.json'. Skipping generation.
2025-09-25 18:46:48 WARNING  __main__ :: Plan for T1110.001 already exists at 'techniques/attack/enterprise/T1110.001.json'. Skipping generation.
2025-09-25 18:46:48 WARNING  __main__ :: Plan for T1216.001 already exists at 'techniques/attack/enterprise/T1216.001.json'. Skipping generation.
2025-09-25 18:46:48 WARNING  __main__ :: Plan for T1597.002 already exists at 'techniques/attack/enterprise/T1597.002.json'. Skipping generation.
2025-09-25 18:46:48 WARNING  __main__ :: Plan for T1003 already exists at 'techniques/attack/enterprise/T1003.json'. Skipping generation.
2025-09-25 18:46:48 WARNING  __main__ :: Plan for T1129 already exists at 'techniques/attack/enterprise/T1129.json'. Skipping generation.
2025-09-25 18:46:48 WARNING  __main__ :: Plan for T1602 already exists at 'techniques/attack/enterprise/T1602.json'. Skipping generation.
2025-09-25 18:46:48 WARNING  __main__ :: Plan for T1561.002 already exists at 'techniques/attack/enterprise/T1561.002.json'. Skipping generation.
2025-09-25 18:46:48 WARNING  __main__ :: Plan for T1498.001 already exists at 'techniques/attack/enterprise/T1498.001.json'. Skipping generation.
2025-09-25 18:46:48 WARNING  __main__ :: Plan for T1574.007 already exists at 'techniques/attack/enterprise/T1574.007.json'. Skipping generation.
2025-09-25 18:46:48 WARNING  __main__ :: Plan for T1213.002 already exists at 'techniques/attack/enterprise/T1213.002.json'. Skipping generation.
2025-09-25 18:46:48 WARNING  __main__ :: Plan for T1006 already exists at 'techniques/attack/enterprise/T1006.json'. Skipping generation.
2025-09-25 18:46:48 WARNING  __main__ :: Plan for T1588.007 already exists at 'techniques/attack/enterprise/T1588.007.json'. Skipping generation.
2025-09-25 18:46:48 WARNING  __main__ :: Plan for T1666 already exists at 'techniques/attack/enterprise/T1666.json'. Skipping generation.
2025-09-25 18:46:48 WARNING  __main__ :: Plan for T1564.008 already exists at 'techniques/attack/enterprise/T1564.008.json'. Skipping generation.
2025-09-25 18:46:48 WARNING  __main__ :: Plan for T1491.002 already exists at 'techniques/attack/enterprise/T1491.002.json'. Skipping generation.
2025-09-25 18:46:48 WARNING  __main__ :: Plan for T1027.013 already exists at 'techniques/attack/enterprise/T1027.013.json'. Skipping generation.
2025-09-25 18:46:48 WARNING  __main__ :: Plan for T1590.005 already exists at 'techniques/attack/enterprise/T1590.005.json'. Skipping generation.
2025-09-25 18:46:48 WARNING  __main__ :: Plan for T1499.001 already exists at 'techniques/attack/enterprise/T1499.001.json'. Skipping generation.
2025-09-25 18:46:48 WARNING  __main__ :: Plan for T1014 already exists at 'techniques/attack/enterprise/T1014.json'. Skipping generation.
2025-09-25 18:46:48 WARNING  __main__ :: Plan for T1546.013 already exists at 'techniques/attack/enterprise/T1546.013.json'. Skipping generation.
2025-09-25 18:46:48 WARNING  __main__ :: Plan for T1059.007 already exists at 'techniques/attack/enterprise/T1059.007.json'. Skipping generation.
2025-09-25 18:46:48 WARNING  __main__ :: Plan for T1590.002 already exists at 'techniques/attack/enterprise/T1590.002.json'. Skipping generation.
2025-09-25 18:46:48 WARNING  __main__ :: Plan for T1485.001 already exists at 'techniques/attack/enterprise/T1485.001.json'. Skipping generation.
2025-09-25 18:46:48 WARNING  __main__ :: Plan for T1123 already exists at 'techniques/attack/enterprise/T1123.json'. Skipping generation.
2025-09-25 18:46:48 WARNING  __main__ :: Plan for T1543 already exists at 'techniques/attack/enterprise/T1543.json'. Skipping generation.
2025-09-25 18:46:48 WARNING  __main__ :: Plan for T1133 already exists at 'techniques/attack/enterprise/T1133.json'. Skipping generation.
2025-09-25 18:46:48 WARNING  __main__ :: Plan for T1546.006 already exists at 'techniques/attack/enterprise/T1546.006.json'. Skipping generation.
2025-09-25 18:46:48 WARNING  __main__ :: Plan for T1539 already exists at 'techniques/attack/enterprise/T1539.json'. Skipping generation.
2025-09-25 18:46:48 WARNING  __main__ :: Plan for T1053.007 already exists at 'techniques/attack/enterprise/T1053.007.json'. Skipping generation.
2025-09-25 18:46:48 WARNING  __main__ :: Plan for T1568.002 already exists at 'techniques/attack/enterprise/T1568.002.json'. Skipping generation.
2025-09-25 18:46:48 WARNING  __main__ :: Plan for T1036.007 already exists at 'techniques/attack/enterprise/T1036.007.json'. Skipping generation.
2025-09-25 18:46:48 WARNING  __main__ :: Plan for T1548.002 already exists at 'techniques/attack/enterprise/T1548.002.json'. Skipping generation.
2025-09-25 18:46:48 WARNING  __main__ :: Plan for T1496.003 already exists at 'techniques/attack/enterprise/T1496.003.json'. Skipping generation.
2025-09-25 18:46:48 WARNING  __main__ :: Plan for T1016.001 already exists at 'techniques/attack/enterprise/T1016.001.json'. Skipping generation.
2025-09-25 18:46:48 WARNING  __main__ :: Plan for T1548.003 already exists at 'techniques/attack/enterprise/T1548.003.json'. Skipping generation.
2025-09-25 18:46:48 WARNING  __main__ :: Plan for T1560.003 already exists at 'techniques/attack/enterprise/T1560.003.json'. Skipping generation.
2025-09-25 18:46:48 WARNING  __main__ :: Plan for T1578 already exists at 'techniques/attack/enterprise/T1578.json'. Skipping generation.
2025-09-25 18:46:48 WARNING  __main__ :: Plan for T1584.008 already exists at 'techniques/attack/enterprise/T1584.008.json'. Skipping generation.
2025-09-25 18:46:48 WARNING  __main__ :: Plan for T1583.008 already exists at 'techniques/attack/enterprise/T1583.008.json'. Skipping generation.
2025-09-25 18:46:48 WARNING  __main__ :: Plan for T1069 already exists at 'techniques/attack/enterprise/T1069.json'. Skipping generation.
2025-09-25 18:46:48 WARNING  __main__ :: Plan for T1114 already exists at 'techniques/attack/enterprise/T1114.json'. Skipping generation.
2025-09-25 18:46:48 WARNING  __main__ :: Plan for T1003.002 already exists at 'techniques/attack/enterprise/T1003.002.json'. Skipping generation.
2025-09-25 18:46:48 WARNING  __main__ :: Plan for T1596.002 already exists at 'techniques/attack/enterprise/T1596.002.json'. Skipping generation.
2025-09-25 18:46:48 WARNING  __main__ :: Plan for T1542.001 already exists at 'techniques/attack/enterprise/T1542.001.json'. Skipping generation.
2025-09-25 18:46:48 WARNING  __main__ :: Plan for T1594 already exists at 'techniques/attack/enterprise/T1594.json'. Skipping generation.
2025-09-25 18:46:48 WARNING  __main__ :: Plan for T1069.003 already exists at 'techniques/attack/enterprise/T1069.003.json'. Skipping generation.
2025-09-25 18:46:48 WARNING  __main__ :: Plan for T1574.011 already exists at 'techniques/attack/enterprise/T1574.011.json'. Skipping generation.
2025-09-25 18:46:48 WARNING  __main__ :: Plan for T1596.001 already exists at 'techniques/attack/enterprise/T1596.001.json'. Skipping generation.
2025-09-25 18:46:48 WARNING  __main__ :: Plan for T1499.003 already exists at 'techniques/attack/enterprise/T1499.003.json'. Skipping generation.
2025-09-25 18:46:48 WARNING  __main__ :: Plan for T1195.001 already exists at 'techniques/attack/enterprise/T1195.001.json'. Skipping generation.
2025-09-25 18:46:48 WARNING  __main__ :: Plan for T1588.004 already exists at 'techniques/attack/enterprise/T1588.004.json'. Skipping generation.
2025-09-25 18:46:48 WARNING  __main__ :: Plan for T1583.002 already exists at 'techniques/attack/enterprise/T1583.002.json'. Skipping generation.
2025-09-25 18:46:48 WARNING  __main__ :: Plan for T1561 already exists at 'techniques/attack/enterprise/T1561.json'. Skipping generation.
2025-09-25 18:46:48 WARNING  __main__ :: Plan for T1071.004 already exists at 'techniques/attack/enterprise/T1071.004.json'. Skipping generation.
2025-09-25 18:46:48 WARNING  __main__ :: Plan for T1552.005 already exists at 'techniques/attack/enterprise/T1552.005.json'. Skipping generation.
2025-09-25 18:46:48 WARNING  __main__ :: Plan for T1555.002 already exists at 'techniques/attack/enterprise/T1555.002.json'. Skipping generation.
2025-09-25 18:46:48 WARNING  __main__ :: Plan for T1615 already exists at 'techniques/attack/enterprise/T1615.json'. Skipping generation.
2025-09-25 18:46:48 WARNING  __main__ :: Plan for T1542.003 already exists at 'techniques/attack/enterprise/T1542.003.json'. Skipping generation.
2025-09-25 18:46:48 WARNING  __main__ :: Plan for T1025 already exists at 'techniques/attack/enterprise/T1025.json'. Skipping generation.
2025-09-25 18:46:48 WARNING  __main__ :: Plan for T1218.013 already exists at 'techniques/attack/enterprise/T1218.013.json'. Skipping generation.
2025-09-25 18:46:48 WARNING  __main__ :: Plan for T1074.001 already exists at 'techniques/attack/enterprise/T1074.001.json'. Skipping generation.
2025-09-25 18:46:48 WARNING  __main__ :: Plan for T1036.005 already exists at 'techniques/attack/enterprise/T1036.005.json'. Skipping generation.
2025-09-25 18:46:48 WARNING  __main__ :: Plan for T1587.003 already exists at 'techniques/attack/enterprise/T1587.003.json'. Skipping generation.
2025-09-25 18:46:48 WARNING  __main__ :: Plan for T1565.001 already exists at 'techniques/attack/enterprise/T1565.001.json'. Skipping generation.
2025-09-25 18:46:48 WARNING  __main__ :: Plan for T1110.002 already exists at 'techniques/attack/enterprise/T1110.002.json'. Skipping generation.
2025-09-25 18:46:48 WARNING  __main__ :: Plan for T1114.001 already exists at 'techniques/attack/enterprise/T1114.001.json'. Skipping generation.
2025-09-25 18:46:48 WARNING  __main__ :: Plan for T1555.001 already exists at 'techniques/attack/enterprise/T1555.001.json'. Skipping generation.
2025-09-25 18:46:48 WARNING  __main__ :: Plan for T1547 already exists at 'techniques/attack/enterprise/T1547.json'. Skipping generation.
2025-09-25 18:46:48 WARNING  __main__ :: Plan for T1003.004 already exists at 'techniques/attack/enterprise/T1003.004.json'. Skipping generation.
2025-09-25 18:46:48 WARNING  __main__ :: Plan for T1600 already exists at 'techniques/attack/enterprise/T1600.json'. Skipping generation.
2025-09-25 18:46:48 WARNING  __main__ :: Plan for T1606.002 already exists at 'techniques/attack/enterprise/T1606.002.json'. Skipping generation.
2025-09-25 18:46:48 WARNING  __main__ :: Plan for T1036.008 already exists at 'techniques/attack/enterprise/T1036.008.json'. Skipping generation.
2025-09-25 18:46:48 WARNING  __main__ :: Plan for T1489 already exists at 'techniques/attack/enterprise/T1489.json'. Skipping generation.
2025-09-25 18:46:48 WARNING  __main__ :: Plan for T1587.001 already exists at 'techniques/attack/enterprise/T1587.001.json'. Skipping generation.
2025-09-25 18:46:48 WARNING  __main__ :: Plan for T1652 already exists at 'techniques/attack/enterprise/T1652.json'. Skipping generation.
2025-09-25 18:46:48 WARNING  __main__ :: Plan for T1087.002 already exists at 'techniques/attack/enterprise/T1087.002.json'. Skipping generation.
2025-09-25 18:46:48 WARNING  __main__ :: Plan for T1547.014 already exists at 'techniques/attack/enterprise/T1547.014.json'. Skipping generation.
2025-09-25 18:46:48 WARNING  __main__ :: Plan for T1564 already exists at 'techniques/attack/enterprise/T1564.json'. Skipping generation.
2025-09-25 18:46:48 WARNING  __main__ :: Plan for T1559.002 already exists at 'techniques/attack/enterprise/T1559.002.json'. Skipping generation.
2025-09-25 18:46:48 WARNING  __main__ :: Plan for T1204.002 already exists at 'techniques/attack/enterprise/T1204.002.json'. Skipping generation.
2025-09-25 18:46:48 WARNING  __main__ :: Plan for T1591.003 already exists at 'techniques/attack/enterprise/T1591.003.json'. Skipping generation.
2025-09-25 18:46:48 WARNING  __main__ :: Plan for T1071.005 already exists at 'techniques/attack/enterprise/T1071.005.json'. Skipping generation.
2025-09-25 18:46:48 WARNING  __main__ :: Plan for T1592.001 already exists at 'techniques/attack/enterprise/T1592.001.json'. Skipping generation.
2025-09-25 18:46:48 WARNING  __main__ :: Plan for T1080 already exists at 'techniques/attack/enterprise/T1080.json'. Skipping generation.
2025-09-25 18:46:48 WARNING  __main__ :: Plan for T1484.002 already exists at 'techniques/attack/enterprise/T1484.002.json'. Skipping generation.
2025-09-25 18:46:48 WARNING  __main__ :: Plan for T1573.001 already exists at 'techniques/attack/enterprise/T1573.001.json'. Skipping generation.
2025-09-25 18:46:48 WARNING  __main__ :: Plan for T1087.001 already exists at 'techniques/attack/enterprise/T1087.001.json'. Skipping generation.
2025-09-25 18:46:48 WARNING  __main__ :: Plan for T1586.001 already exists at 'techniques/attack/enterprise/T1586.001.json'. Skipping generation.
2025-09-25 18:46:48 WARNING  __main__ :: Plan for T1176.001 already exists at 'techniques/attack/enterprise/T1176.001.json'. Skipping generation.
2025-09-25 18:46:48 WARNING  __main__ :: Plan for T1562.009 already exists at 'techniques/attack/enterprise/T1562.009.json'. Skipping generation.
2025-09-25 18:46:48 WARNING  __main__ :: Plan for T1542.005 already exists at 'techniques/attack/enterprise/T1542.005.json'. Skipping generation.
2025-09-25 18:46:48 WARNING  __main__ :: Plan for T1543.003 already exists at 'techniques/attack/enterprise/T1543.003.json'. Skipping generation.
2025-09-25 18:46:48 WARNING  __main__ :: Plan for T1568.001 already exists at 'techniques/attack/enterprise/T1568.001.json'. Skipping generation.
2025-09-25 18:46:48 WARNING  __main__ :: Plan for T1497.001 already exists at 'techniques/attack/enterprise/T1497.001.json'. Skipping generation.
2025-09-25 18:46:48 WARNING  __main__ :: Plan for T1053.003 already exists at 'techniques/attack/enterprise/T1053.003.json'. Skipping generation.
2025-09-25 18:46:48 WARNING  __main__ :: Plan for T1069.002 already exists at 'techniques/attack/enterprise/T1069.002.json'. Skipping generation.
2025-09-25 18:46:48 WARNING  __main__ :: Plan for T1588.006 already exists at 'techniques/attack/enterprise/T1588.006.json'. Skipping generation.
2025-09-25 18:46:48 WARNING  __main__ :: Plan for T1566.002 already exists at 'techniques/attack/enterprise/T1566.002.json'. Skipping generation.
2025-09-25 18:46:48 WARNING  __main__ :: Plan for T1070.002 already exists at 'techniques/attack/enterprise/T1070.002.json'. Skipping generation.
2025-09-25 18:46:48 WARNING  __main__ :: Plan for T1499.004 already exists at 'techniques/attack/enterprise/T1499.004.json'. Skipping generation.
2025-09-25 18:46:48 WARNING  __main__ :: Plan for T1137 already exists at 'techniques/attack/enterprise/T1137.json'. Skipping generation.
2025-09-25 18:46:48 WARNING  __main__ :: Plan for T1218.004 already exists at 'techniques/attack/enterprise/T1218.004.json'. Skipping generation.
2025-09-25 18:46:48 WARNING  __main__ :: Plan for T1598.003 already exists at 'techniques/attack/enterprise/T1598.003.json'. Skipping generation.
2025-09-25 18:46:48 WARNING  __main__ :: Plan for T1021.004 already exists at 'techniques/attack/enterprise/T1021.004.json'. Skipping generation.
2025-09-25 18:46:48 WARNING  __main__ :: Plan for T1098.003 already exists at 'techniques/attack/enterprise/T1098.003.json'. Skipping generation.
2025-09-25 18:46:48 WARNING  __main__ :: Plan for T1547.012 already exists at 'techniques/attack/enterprise/T1547.012.json'. Skipping generation.
2025-09-25 18:46:48 WARNING  __main__ :: Plan for T1566.001 already exists at 'techniques/attack/enterprise/T1566.001.json'. Skipping generation.
2025-09-25 18:46:48 WARNING  __main__ :: Plan for T1027.008 already exists at 'techniques/attack/enterprise/T1027.008.json'. Skipping generation.
2025-09-25 18:46:48 WARNING  __main__ :: Plan for T1559.001 already exists at 'techniques/attack/enterprise/T1559.001.json'. Skipping generation.
2025-09-25 18:46:48 WARNING  __main__ :: Plan for T1574.001 already exists at 'techniques/attack/enterprise/T1574.001.json'. Skipping generation.
2025-09-25 18:46:48 WARNING  __main__ :: Plan for T1119 already exists at 'techniques/attack/enterprise/T1119.json'. Skipping generation.
2025-09-25 18:46:48 WARNING  __main__ :: Plan for T1115 already exists at 'techniques/attack/enterprise/T1115.json'. Skipping generation.
2025-09-25 18:46:48 WARNING  __main__ :: Plan for T1003.007 already exists at 'techniques/attack/enterprise/T1003.007.json'. Skipping generation.
2025-09-25 18:46:48 WARNING  __main__ :: Plan for T1583.005 already exists at 'techniques/attack/enterprise/T1583.005.json'. Skipping generation.
2025-09-25 18:46:48 WARNING  __main__ :: Plan for T1555.005 already exists at 'techniques/attack/enterprise/T1555.005.json'. Skipping generation.
2025-09-25 18:46:48 WARNING  __main__ :: Plan for T1553.001 already exists at 'techniques/attack/enterprise/T1553.001.json'. Skipping generation.
2025-09-25 18:46:48 WARNING  __main__ :: Plan for T1675 already exists at 'techniques/attack/enterprise/T1675.json'. Skipping generation.
2025-09-25 18:46:48 WARNING  __main__ :: Plan for T1608.004 already exists at 'techniques/attack/enterprise/T1608.004.json'. Skipping generation.
2025-09-25 18:46:48 WARNING  __main__ :: Plan for T1007 already exists at 'techniques/attack/enterprise/T1007.json'. Skipping generation.
2025-09-25 18:46:48 WARNING  __main__ :: Plan for T1040 already exists at 'techniques/attack/enterprise/T1040.json'. Skipping generation.
2025-09-25 18:46:48 WARNING  __main__ :: Plan for T1553.002 already exists at 'techniques/attack/enterprise/T1553.002.json'. Skipping generation.
2025-09-25 18:46:48 WARNING  __main__ :: Plan for T1530 already exists at 'techniques/attack/enterprise/T1530.json'. Skipping generation.
2025-09-25 18:46:48 WARNING  __main__ :: Plan for T1565.003 already exists at 'techniques/attack/enterprise/T1565.003.json'. Skipping generation.
2025-09-25 18:46:48 WARNING  __main__ :: Plan for T1552.002 already exists at 'techniques/attack/enterprise/T1552.002.json'. Skipping generation.
2025-09-25 18:46:48 WARNING  __main__ :: Plan for T1135 already exists at 'techniques/attack/enterprise/T1135.json'. Skipping generation.
2025-09-25 18:46:48 WARNING  __main__ :: Plan for T1120 already exists at 'techniques/attack/enterprise/T1120.json'. Skipping generation.
2025-09-25 18:46:48 WARNING  __main__ :: Plan for T1036.009 already exists at 'techniques/attack/enterprise/T1036.009.json'. Skipping generation.
2025-09-25 18:46:48 WARNING  __main__ :: Plan for T1590.004 already exists at 'techniques/attack/enterprise/T1590.004.json'. Skipping generation.
2025-09-25 18:46:48 WARNING  __main__ :: Plan for T1587.002 already exists at 'techniques/attack/enterprise/T1587.002.json'. Skipping generation.
2025-09-25 18:46:48 WARNING  __main__ :: Plan for T1222.001 already exists at 'techniques/attack/enterprise/T1222.001.json'. Skipping generation.
2025-09-25 18:46:48 WARNING  __main__ :: Plan for T1137.006 already exists at 'techniques/attack/enterprise/T1137.006.json'. Skipping generation.
2025-09-25 18:46:48 WARNING  __main__ :: Plan for T1505.002 already exists at 'techniques/attack/enterprise/T1505.002.json'. Skipping generation.
2025-09-25 18:46:48 WARNING  __main__ :: Plan for T1082 already exists at 'techniques/attack/enterprise/T1082.json'. Skipping generation.
2025-09-25 18:46:48 WARNING  __main__ :: Plan for T1071 already exists at 'techniques/attack/enterprise/T1071.json'. Skipping generation.
2025-09-25 18:46:48 WARNING  __main__ :: Plan for T1574.014 already exists at 'techniques/attack/enterprise/T1574.014.json'. Skipping generation.
2025-09-25 18:46:48 WARNING  __main__ :: Plan for T1074.002 already exists at 'techniques/attack/enterprise/T1074.002.json'. Skipping generation.
2025-09-25 18:46:48 WARNING  __main__ :: Plan for T1098.006 already exists at 'techniques/attack/enterprise/T1098.006.json'. Skipping generation.
2025-09-25 18:46:48 WARNING  __main__ :: Plan for T1053 already exists at 'techniques/attack/enterprise/T1053.json'. Skipping generation.
2025-09-25 18:46:48 WARNING  __main__ :: Plan for T1218.007 already exists at 'techniques/attack/enterprise/T1218.007.json'. Skipping generation.
2025-09-25 18:46:48 WARNING  __main__ :: Plan for T1590.003 already exists at 'techniques/attack/enterprise/T1590.003.json'. Skipping generation.
2025-09-25 18:46:48 WARNING  __main__ :: Plan for T1498.002 already exists at 'techniques/attack/enterprise/T1498.002.json'. Skipping generation.
2025-09-25 18:46:48 WARNING  __main__ :: Plan for T1556.002 already exists at 'techniques/attack/enterprise/T1556.002.json'. Skipping generation.
2025-09-25 18:46:48 WARNING  __main__ :: Plan for T1505.005 already exists at 'techniques/attack/enterprise/T1505.005.json'. Skipping generation.
2025-09-25 18:46:48 WARNING  __main__ :: Plan for T1059.002 already exists at 'techniques/attack/enterprise/T1059.002.json'. Skipping generation.
2025-09-25 18:46:48 WARNING  __main__ :: Plan for T1176 already exists at 'techniques/attack/enterprise/T1176.json'. Skipping generation.
2025-09-25 18:46:48 WARNING  __main__ :: Plan for T1499.002 already exists at 'techniques/attack/enterprise/T1499.002.json'. Skipping generation.
2025-09-25 18:46:48 WARNING  __main__ :: Plan for T1195.003 already exists at 'techniques/attack/enterprise/T1195.003.json'. Skipping generation.
2025-09-25 18:46:48 WARNING  __main__ :: Plan for T1106 already exists at 'techniques/attack/enterprise/T1106.json'. Skipping generation.
2025-09-25 18:46:48 WARNING  __main__ :: Plan for T1558.005 already exists at 'techniques/attack/enterprise/T1558.005.json'. Skipping generation.
2025-09-25 18:46:48 WARNING  __main__ :: Plan for T1070.007 already exists at 'techniques/attack/enterprise/T1070.007.json'. Skipping generation.
2025-09-25 18:46:48 WARNING  __main__ :: Plan for T1558.004 already exists at 'techniques/attack/enterprise/T1558.004.json'. Skipping generation.
2025-09-25 18:46:48 WARNING  __main__ :: Plan for T1584.003 already exists at 'techniques/attack/enterprise/T1584.003.json'. Skipping generation.
2025-09-25 18:46:48 WARNING  __main__ :: Plan for T1059.010 already exists at 'techniques/attack/enterprise/T1059.010.json'. Skipping generation.
2025-09-25 18:46:48 WARNING  __main__ :: Plan for T1600.001 already exists at 'techniques/attack/enterprise/T1600.001.json'. Skipping generation.
2025-09-25 18:46:48 WARNING  __main__ :: Plan for T1070.003 already exists at 'techniques/attack/enterprise/T1070.003.json'. Skipping generation.
2025-09-25 18:46:48 WARNING  __main__ :: Plan for T1202 already exists at 'techniques/attack/enterprise/T1202.json'. Skipping generation.
2025-09-25 18:46:48 WARNING  __main__ :: Plan for T1091 already exists at 'techniques/attack/enterprise/T1091.json'. Skipping generation.
2025-09-25 18:46:48 WARNING  __main__ :: Plan for T1005 already exists at 'techniques/attack/enterprise/T1005.json'. Skipping generation.
2025-09-25 18:46:48 WARNING  __main__ :: Plan for T1140 already exists at 'techniques/attack/enterprise/T1140.json'. Skipping generation.
2025-09-25 18:46:48 WARNING  __main__ :: Plan for T1137.005 already exists at 'techniques/attack/enterprise/T1137.005.json'. Skipping generation.
2025-09-25 18:46:48 WARNING  __main__ :: Plan for T1562 already exists at 'techniques/attack/enterprise/T1562.json'. Skipping generation.
2025-09-25 18:46:48 WARNING  __main__ :: Plan for T1586.003 already exists at 'techniques/attack/enterprise/T1586.003.json'. Skipping generation.
2025-09-25 18:46:48 WARNING  __main__ :: Plan for T1586.002 already exists at 'techniques/attack/enterprise/T1586.002.json'. Skipping generation.
2025-09-25 18:46:48 WARNING  __main__ :: Plan for T1098.007 already exists at 'techniques/attack/enterprise/T1098.007.json'. Skipping generation.
2025-09-25 18:46:48 WARNING  __main__ :: Plan for T1608.001 already exists at 'techniques/attack/enterprise/T1608.001.json'. Skipping generation.
2025-09-25 18:46:48 WARNING  __main__ :: Plan for T1195 already exists at 'techniques/attack/enterprise/T1195.json'. Skipping generation.
2025-09-25 18:46:48 WARNING  __main__ :: Plan for T1190 already exists at 'techniques/attack/enterprise/T1190.json'. Skipping generation.
2025-09-25 18:46:48 WARNING  __main__ :: Plan for T1558 already exists at 'techniques/attack/enterprise/T1558.json'. Skipping generation.
2025-09-25 18:46:48 WARNING  __main__ :: Plan for T1555 already exists at 'techniques/attack/enterprise/T1555.json'. Skipping generation.
2025-09-25 18:46:48 WARNING  __main__ :: Plan for T1567 already exists at 'techniques/attack/enterprise/T1567.json'. Skipping generation.
2025-09-25 18:46:48 WARNING  __main__ :: Plan for T1219 already exists at 'techniques/attack/enterprise/T1219.json'. Skipping generation.
2025-09-25 18:46:48 WARNING  __main__ :: Plan for T1583.001 already exists at 'techniques/attack/enterprise/T1583.001.json'. Skipping generation.
2025-09-25 18:46:48 WARNING  __main__ :: Plan for T1560.002 already exists at 'techniques/attack/enterprise/T1560.002.json'. Skipping generation.
2025-09-25 18:46:48 WARNING  __main__ :: Plan for T1055.003 already exists at 'techniques/attack/enterprise/T1055.003.json'. Skipping generation.
2025-09-25 18:46:48 WARNING  __main__ :: Plan for T1036 already exists at 'techniques/attack/enterprise/T1036.json'. Skipping generation.
2025-09-25 18:46:48 WARNING  __main__ :: Plan for T1546.011 already exists at 'techniques/attack/enterprise/T1546.011.json'. Skipping generation.
2025-09-25 18:46:48 WARNING  __main__ :: Plan for T1552 already exists at 'techniques/attack/enterprise/T1552.json'. Skipping generation.
2025-09-25 18:46:48 WARNING  __main__ :: Plan for T1547.010 already exists at 'techniques/attack/enterprise/T1547.010.json'. Skipping generation.
2025-09-25 18:46:48 WARNING  __main__ :: Plan for T1070.008 already exists at 'techniques/attack/enterprise/T1070.008.json'. Skipping generation.
2025-09-25 18:46:48 WARNING  __main__ :: Plan for T1037.002 already exists at 'techniques/attack/enterprise/T1037.002.json'. Skipping generation.
2025-09-25 18:46:48 WARNING  __main__ :: Plan for T1659 already exists at 'techniques/attack/enterprise/T1659.json'. Skipping generation.
2025-09-25 18:46:48 WARNING  __main__ :: Plan for T1055 already exists at 'techniques/attack/enterprise/T1055.json'. Skipping generation.
2025-09-25 18:46:48 WARNING  __main__ :: Plan for T1567.004 already exists at 'techniques/attack/enterprise/T1567.004.json'. Skipping generation.
2025-09-25 18:46:48 WARNING  __main__ :: Plan for T1205 already exists at 'techniques/attack/enterprise/T1205.json'. Skipping generation.
2025-09-25 18:46:48 WARNING  __main__ :: Plan for T1021.008 already exists at 'techniques/attack/enterprise/T1021.008.json'. Skipping generation.
2025-09-25 18:46:48 WARNING  __main__ :: Plan for T1218 already exists at 'techniques/attack/enterprise/T1218.json'. Skipping generation.
2025-09-25 18:46:48 WARNING  __main__ :: Plan for T1070.006 already exists at 'techniques/attack/enterprise/T1070.006.json'. Skipping generation.
2025-09-25 18:46:48 WARNING  __main__ :: Plan for T1557.004 already exists at 'techniques/attack/enterprise/T1557.004.json'. Skipping generation.
2025-09-25 18:46:48 WARNING  __main__ :: Plan for T1620 already exists at 'techniques/attack/enterprise/T1620.json'. Skipping generation.
2025-09-25 18:46:48 WARNING  __main__ :: Plan for T1016.002 already exists at 'techniques/attack/enterprise/T1016.002.json'. Skipping generation.
2025-09-25 18:46:48 WARNING  __main__ :: Plan for T1480.002 already exists at 'techniques/attack/enterprise/T1480.002.json'. Skipping generation.
2025-09-25 18:46:48 WARNING  __main__ :: Plan for T1564.011 already exists at 'techniques/attack/enterprise/T1564.011.json'. Skipping generation.
2025-09-25 18:46:48 WARNING  __main__ :: Plan for T1611 already exists at 'techniques/attack/enterprise/T1611.json'. Skipping generation.
2025-09-25 18:46:48 WARNING  __main__ :: Plan for T1547.009 already exists at 'techniques/attack/enterprise/T1547.009.json'. Skipping generation.
2025-09-25 18:46:48 WARNING  __main__ :: Plan for T1010 already exists at 'techniques/attack/enterprise/T1010.json'. Skipping generation.
2025-09-25 18:46:48 WARNING  __main__ :: Plan for T1569.003 already exists at 'techniques/attack/enterprise/T1569.003.json'. Skipping generation.
2025-09-25 18:46:48 WARNING  __main__ :: Plan for T1087.003 already exists at 'techniques/attack/enterprise/T1087.003.json'. Skipping generation.
2025-09-25 18:46:48 WARNING  __main__ :: Plan for T1497.003 already exists at 'techniques/attack/enterprise/T1497.003.json'. Skipping generation.
2025-09-25 18:46:48 WARNING  __main__ :: Plan for T1218.003 already exists at 'techniques/attack/enterprise/T1218.003.json'. Skipping generation.
2025-09-25 18:46:48 WARNING  __main__ :: Plan for T1563.001 already exists at 'techniques/attack/enterprise/T1563.001.json'. Skipping generation.
2025-09-25 18:46:48 WARNING  __main__ :: Plan for T1562.002 already exists at 'techniques/attack/enterprise/T1562.002.json'. Skipping generation.
2025-09-25 18:46:48 WARNING  __main__ :: Plan for T1029 already exists at 'techniques/attack/enterprise/T1029.json'. Skipping generation.
2025-09-25 18:46:48 WARNING  __main__ :: Plan for T1021.002 already exists at 'techniques/attack/enterprise/T1021.002.json'. Skipping generation.
2025-09-25 18:46:48 WARNING  __main__ :: Plan for T1525 already exists at 'techniques/attack/enterprise/T1525.json'. Skipping generation.
2025-09-25 18:46:48 WARNING  __main__ :: Plan for T1572 already exists at 'techniques/attack/enterprise/T1572.json'. Skipping generation.
2025-09-25 18:46:48 WARNING  __main__ :: Plan for T1218.002 already exists at 'techniques/attack/enterprise/T1218.002.json'. Skipping generation.
2025-09-25 18:46:48 WARNING  __main__ :: Plan for T1599.001 already exists at 'techniques/attack/enterprise/T1599.001.json'. Skipping generation.
2025-09-25 18:46:48 WARNING  __main__ :: Plan for T1608.002 already exists at 'techniques/attack/enterprise/T1608.002.json'. Skipping generation.
2025-09-25 18:46:48 WARNING  __main__ :: Plan for T1547.005 already exists at 'techniques/attack/enterprise/T1547.005.json'. Skipping generation.
2025-09-25 18:46:48 WARNING  __main__ :: Plan for T1036.011 already exists at 'techniques/attack/enterprise/T1036.011.json'. Skipping generation.
2025-09-25 18:46:48 WARNING  __main__ :: Plan for T1550 already exists at 'techniques/attack/enterprise/T1550.json'. Skipping generation.
2025-09-25 18:46:48 WARNING  __main__ :: Plan for T1597.001 already exists at 'techniques/attack/enterprise/T1597.001.json'. Skipping generation.
2025-09-25 18:46:48 WARNING  __main__ :: Plan for T1011 already exists at 'techniques/attack/enterprise/T1011.json'. Skipping generation.
2025-09-25 18:46:48 WARNING  __main__ :: Plan for T1602.002 already exists at 'techniques/attack/enterprise/T1602.002.json'. Skipping generation.
2025-09-25 18:46:48 WARNING  __main__ :: Plan for T1589 already exists at 'techniques/attack/enterprise/T1589.json'. Skipping generation.
2025-09-25 18:46:48 WARNING  __main__ :: Plan for T1562.004 already exists at 'techniques/attack/enterprise/T1562.004.json'. Skipping generation.
2025-09-25 18:46:48 WARNING  __main__ :: Plan for T1560 already exists at 'techniques/attack/enterprise/T1560.json'. Skipping generation.
2025-09-25 18:46:48 WARNING  __main__ :: Plan for T1553.003 already exists at 'techniques/attack/enterprise/T1553.003.json'. Skipping generation.
2025-09-25 18:46:48 WARNING  __main__ :: Plan for T1185 already exists at 'techniques/attack/enterprise/T1185.json'. Skipping generation.
2025-09-25 18:46:48 WARNING  __main__ :: Plan for T1021 already exists at 'techniques/attack/enterprise/T1021.json'. Skipping generation.
2025-09-25 18:46:48 WARNING  __main__ :: Plan for T1071.003 already exists at 'techniques/attack/enterprise/T1071.003.json'. Skipping generation.
2025-09-25 18:46:48 WARNING  __main__ :: Plan for T1556.007 already exists at 'techniques/attack/enterprise/T1556.007.json'. Skipping generation.
2025-09-25 18:46:48 WARNING  __main__ :: Plan for T1595.002 already exists at 'techniques/attack/enterprise/T1595.002.json'. Skipping generation.
2025-09-25 18:46:48 WARNING  __main__ :: Plan for T1059.009 already exists at 'techniques/attack/enterprise/T1059.009.json'. Skipping generation.
2025-09-25 18:46:48 WARNING  __main__ :: Plan for T1596 already exists at 'techniques/attack/enterprise/T1596.json'. Skipping generation.
2025-09-25 18:46:48 WARNING  __main__ :: Plan for T1218.015 already exists at 'techniques/attack/enterprise/T1218.015.json'. Skipping generation.
2025-09-25 18:46:48 WARNING  __main__ :: Plan for T1562.012 already exists at 'techniques/attack/enterprise/T1562.012.json'. Skipping generation.
2025-09-25 18:46:48 WARNING  __main__ :: Plan for T1207 already exists at 'techniques/attack/enterprise/T1207.json'. Skipping generation.
2025-09-25 18:46:48 WARNING  __main__ :: Plan for T1553.006 already exists at 'techniques/attack/enterprise/T1553.006.json'. Skipping generation.
2025-09-25 18:46:48 WARNING  __main__ :: Plan for T1610 already exists at 'techniques/attack/enterprise/T1610.json'. Skipping generation.
2025-09-25 18:46:48 WARNING  __main__ :: Plan for T1112 already exists at 'techniques/attack/enterprise/T1112.json'. Skipping generation.
2025-09-25 18:46:48 WARNING  __main__ :: Plan for T1543.004 already exists at 'techniques/attack/enterprise/T1543.004.json'. Skipping generation.
2025-09-25 18:46:48 WARNING  __main__ :: Plan for T1580 already exists at 'techniques/attack/enterprise/T1580.json'. Skipping generation.
2025-09-25 18:46:48 WARNING  __main__ :: Plan for T1555.003 already exists at 'techniques/attack/enterprise/T1555.003.json'. Skipping generation.
2025-09-25 18:46:48 WARNING  __main__ :: Plan for T1574.008 already exists at 'techniques/attack/enterprise/T1574.008.json'. Skipping generation.
2025-09-25 18:46:48 WARNING  __main__ :: Plan for T1491 already exists at 'techniques/attack/enterprise/T1491.json'. Skipping generation.
2025-09-25 18:46:48 WARNING  __main__ :: Plan for T1535 already exists at 'techniques/attack/enterprise/T1535.json'. Skipping generation.
2025-09-25 18:46:48 WARNING  __main__ :: Plan for T1557.003 already exists at 'techniques/attack/enterprise/T1557.003.json'. Skipping generation.
2025-09-25 18:46:48 WARNING  __main__ :: Plan for T1563 already exists at 'techniques/attack/enterprise/T1563.json'. Skipping generation.
2025-09-25 18:46:48 WARNING  __main__ :: Plan for T1564.013 already exists at 'techniques/attack/enterprise/T1564.013.json'. Skipping generation.
2025-09-25 18:46:48 WARNING  __main__ :: Plan for T1027.001 already exists at 'techniques/attack/enterprise/T1027.001.json'. Skipping generation.
2025-09-25 18:46:48 WARNING  __main__ :: Plan for T1505.003 already exists at 'techniques/attack/enterprise/T1505.003.json'. Skipping generation.
2025-09-25 18:46:48 WARNING  __main__ :: Plan for T1484.001 already exists at 'techniques/attack/enterprise/T1484.001.json'. Skipping generation.
2025-09-25 18:46:48 WARNING  __main__ :: Plan for T1217 already exists at 'techniques/attack/enterprise/T1217.json'. Skipping generation.
2025-09-25 18:46:48 WARNING  __main__ :: Plan for T1552.004 already exists at 'techniques/attack/enterprise/T1552.004.json'. Skipping generation.
2025-09-25 18:46:48 WARNING  __main__ :: Plan for T1583.004 already exists at 'techniques/attack/enterprise/T1583.004.json'. Skipping generation.
2025-09-25 18:46:48 WARNING  __main__ :: Plan for T1021.006 already exists at 'techniques/attack/enterprise/T1021.006.json'. Skipping generation.
2025-09-25 18:46:48 WARNING  __main__ :: Plan for T1011.001 already exists at 'techniques/attack/enterprise/T1011.001.json'. Skipping generation.
2025-09-25 18:46:48 WARNING  __main__ :: Plan for T1078.001 already exists at 'techniques/attack/enterprise/T1078.001.json'. Skipping generation.
2025-09-25 18:46:48 WARNING  __main__ :: Plan for T1547.003 already exists at 'techniques/attack/enterprise/T1547.003.json'. Skipping generation.
2025-09-25 18:46:48 WARNING  __main__ :: Plan for T1546.005 already exists at 'techniques/attack/enterprise/T1546.005.json'. Skipping generation.
2025-09-25 18:46:48 WARNING  __main__ :: Plan for T1574.006 already exists at 'techniques/attack/enterprise/T1574.006.json'. Skipping generation.
2025-09-25 18:46:48 WARNING  __main__ :: Plan for T1136.001 already exists at 'techniques/attack/enterprise/T1136.001.json'. Skipping generation.
2025-09-25 18:46:48 WARNING  __main__ :: Plan for T1674 already exists at 'techniques/attack/enterprise/T1674.json'. Skipping generation.
2025-09-25 18:46:48 WARNING  __main__ :: Plan for T1092 already exists at 'techniques/attack/enterprise/T1092.json'. Skipping generation.
2025-09-25 18:46:48 WARNING  __main__ :: Plan for T1070.001 already exists at 'techniques/attack/enterprise/T1070.001.json'. Skipping generation.
2025-09-25 18:46:48 WARNING  __main__ :: Plan for T1585.002 already exists at 'techniques/attack/enterprise/T1585.002.json'. Skipping generation.
2025-09-25 18:46:48 WARNING  __main__ :: Plan for T1557.001 already exists at 'techniques/attack/enterprise/T1557.001.json'. Skipping generation.
2025-09-25 18:46:48 WARNING  __main__ :: Plan for T1222 already exists at 'techniques/attack/enterprise/T1222.json'. Skipping generation.
2025-09-25 18:46:48 WARNING  __main__ :: Plan for T1003.001 already exists at 'techniques/attack/enterprise/T1003.001.json'. Skipping generation.
2025-09-25 18:46:48 WARNING  __main__ :: Plan for T1176.002 already exists at 'techniques/attack/enterprise/T1176.002.json'. Skipping generation.
2025-09-25 18:46:48 WARNING  __main__ :: Plan for T1595 already exists at 'techniques/attack/enterprise/T1595.json'. Skipping generation.
2025-09-25 18:46:48 WARNING  __main__ :: Plan for T1027.016 already exists at 'techniques/attack/enterprise/T1027.016.json'. Skipping generation.
2025-09-25 18:46:48 WARNING  __main__ :: Plan for T1548 already exists at 'techniques/attack/enterprise/T1548.json'. Skipping generation.
2025-09-25 18:46:48 WARNING  __main__ :: Plan for T1134.002 already exists at 'techniques/attack/enterprise/T1134.002.json'. Skipping generation.
2025-09-25 18:46:48 WARNING  __main__ :: Plan for T1548.001 already exists at 'techniques/attack/enterprise/T1548.001.json'. Skipping generation.
2025-09-25 18:46:48 WARNING  __main__ :: Plan for T1547.004 already exists at 'techniques/attack/enterprise/T1547.004.json'. Skipping generation.
2025-09-25 18:46:48 WARNING  __main__ :: Plan for T1021.003 already exists at 'techniques/attack/enterprise/T1021.003.json'. Skipping generation.
2025-09-25 18:46:48 WARNING  __main__ :: Plan for T1110.003 already exists at 'techniques/attack/enterprise/T1110.003.json'. Skipping generation.
2025-09-25 18:46:48 WARNING  __main__ :: Plan for T1090.002 already exists at 'techniques/attack/enterprise/T1090.002.json'. Skipping generation.
2025-09-25 18:46:48 WARNING  __main__ :: Plan for T1056.003 already exists at 'techniques/attack/enterprise/T1056.003.json'. Skipping generation.
2025-09-25 18:46:48 WARNING  __main__ :: Plan for T1589.002 already exists at 'techniques/attack/enterprise/T1589.002.json'. Skipping generation.
2025-09-25 18:46:48 WARNING  __main__ :: Plan for T1598.004 already exists at 'techniques/attack/enterprise/T1598.004.json'. Skipping generation.
2025-09-25 18:46:48 WARNING  __main__ :: Plan for T1003.005 already exists at 'techniques/attack/enterprise/T1003.005.json'. Skipping generation.
2025-09-25 18:46:48 WARNING  __main__ :: Plan for T1098.004 already exists at 'techniques/attack/enterprise/T1098.004.json'. Skipping generation.
2025-09-25 18:46:48 WARNING  __main__ :: Plan for T1673 already exists at 'techniques/attack/enterprise/T1673.json'. Skipping generation.
2025-09-25 18:46:48 WARNING  __main__ :: Plan for T1590.006 already exists at 'techniques/attack/enterprise/T1590.006.json'. Skipping generation.
2025-09-25 18:46:48 WARNING  __main__ :: Plan for T1546.012 already exists at 'techniques/attack/enterprise/T1546.012.json'. Skipping generation.
2025-09-25 18:46:48 WARNING  __main__ :: Plan for T1218.008 already exists at 'techniques/attack/enterprise/T1218.008.json'. Skipping generation.
2025-09-25 18:46:48 WARNING  __main__ :: Plan for T1593.002 already exists at 'techniques/attack/enterprise/T1593.002.json'. Skipping generation.
2025-09-25 18:46:48 WARNING  __main__ :: Plan for T1591.002 already exists at 'techniques/attack/enterprise/T1591.002.json'. Skipping generation.
2025-09-25 18:46:48 WARNING  __main__ :: Plan for T1548.005 already exists at 'techniques/attack/enterprise/T1548.005.json'. Skipping generation.
2025-09-25 18:46:48 WARNING  __main__ :: Plan for T1125 already exists at 'techniques/attack/enterprise/T1125.json'. Skipping generation.
2025-09-25 18:46:48 WARNING  __main__ :: Plan for T1055.013 already exists at 'techniques/attack/enterprise/T1055.013.json'. Skipping generation.
2025-09-25 18:46:48 WARNING  __main__ :: Plan for T1016 already exists at 'techniques/attack/enterprise/T1016.json'. Skipping generation.
2025-09-25 18:46:48 WARNING  __main__ :: Plan for T1578.003 already exists at 'techniques/attack/enterprise/T1578.003.json'. Skipping generation.
2025-09-25 18:46:48 WARNING  __main__ :: Plan for T1593.003 already exists at 'techniques/attack/enterprise/T1593.003.json'. Skipping generation.
2025-09-25 18:46:48 WARNING  __main__ :: Plan for T1574.005 already exists at 'techniques/attack/enterprise/T1574.005.json'. Skipping generation.
2025-09-25 18:46:48 WARNING  __main__ :: Plan for T1546.008 already exists at 'techniques/attack/enterprise/T1546.008.json'. Skipping generation.
2025-09-25 18:46:48 WARNING  __main__ :: Plan for T1496.002 already exists at 'techniques/attack/enterprise/T1496.002.json'. Skipping generation.
2025-09-25 18:46:48 WARNING  __main__ :: Plan for T1087 already exists at 'techniques/attack/enterprise/T1087.json'. Skipping generation.
2025-09-25 18:46:48 WARNING  __main__ :: Plan for T1090 already exists at 'techniques/attack/enterprise/T1090.json'. Skipping generation.
2025-09-25 18:46:48 WARNING  __main__ :: Plan for T1059 already exists at 'techniques/attack/enterprise/T1059.json'. Skipping generation.
2025-09-25 18:46:48 WARNING  __main__ :: Plan for T1562.006 already exists at 'techniques/attack/enterprise/T1562.006.json'. Skipping generation.
2025-09-25 18:46:48 WARNING  __main__ :: Plan for T1136.002 already exists at 'techniques/attack/enterprise/T1136.002.json'. Skipping generation.
2025-09-25 18:46:48 WARNING  __main__ :: Plan for T1564.014 already exists at 'techniques/attack/enterprise/T1564.014.json'. Skipping generation.
2025-09-25 18:46:48 WARNING  __main__ :: Plan for T1589.003 already exists at 'techniques/attack/enterprise/T1589.003.json'. Skipping generation.
2025-09-25 18:46:48 WARNING  __main__ :: Plan for T1482 already exists at 'techniques/attack/enterprise/T1482.json'. Skipping generation.
2025-09-25 18:46:48 WARNING  __main__ :: Plan for T1558.001 already exists at 'techniques/attack/enterprise/T1558.001.json'. Skipping generation.
2025-09-25 18:46:48 WARNING  __main__ :: Plan for T1020 already exists at 'techniques/attack/enterprise/T1020.json'. Skipping generation.
2025-09-25 18:46:48 WARNING  __main__ :: Plan for T1592.004 already exists at 'techniques/attack/enterprise/T1592.004.json'. Skipping generation.
2025-09-25 18:46:48 WARNING  __main__ :: Plan for T1562.007 already exists at 'techniques/attack/enterprise/T1562.007.json'. Skipping generation.
2025-09-25 18:46:48 WARNING  __main__ :: Plan for T1219.001 already exists at 'techniques/attack/enterprise/T1219.001.json'. Skipping generation.
2025-09-25 18:46:48 WARNING  __main__ :: Plan for T1036.002 already exists at 'techniques/attack/enterprise/T1036.002.json'. Skipping generation.
2025-09-25 18:46:48 WARNING  __main__ :: Plan for T1588.001 already exists at 'techniques/attack/enterprise/T1588.001.json'. Skipping generation.
2025-09-25 18:46:48 WARNING  __main__ :: Plan for T1027.017 already exists at 'techniques/attack/enterprise/T1027.017.json'. Skipping generation.
2025-09-25 18:46:48 WARNING  __main__ :: Plan for T1542.002 already exists at 'techniques/attack/enterprise/T1542.002.json'. Skipping generation.
2025-09-25 18:46:48 WARNING  __main__ :: Plan for T1070 already exists at 'techniques/attack/enterprise/T1070.json'. Skipping generation.
2025-09-25 18:46:48 WARNING  __main__ :: Plan for T1048.001 already exists at 'techniques/attack/enterprise/T1048.001.json'. Skipping generation.
2025-09-25 18:46:48 WARNING  __main__ :: Plan for T1137.001 already exists at 'techniques/attack/enterprise/T1137.001.json'. Skipping generation.
2025-09-25 18:46:48 WARNING  __main__ :: Plan for T1583.003 already exists at 'techniques/attack/enterprise/T1583.003.json'. Skipping generation.
2025-09-25 18:46:48 WARNING  __main__ :: Plan for T1213.001 already exists at 'techniques/attack/enterprise/T1213.001.json'. Skipping generation.
2025-09-25 18:46:48 WARNING  __main__ :: Plan for T1550.003 already exists at 'techniques/attack/enterprise/T1550.003.json'. Skipping generation.
2025-09-25 18:46:48 WARNING  __main__ :: Plan for T1609 already exists at 'techniques/attack/enterprise/T1609.json'. Skipping generation.
2025-09-25 18:46:48 WARNING  __main__ :: Plan for T1083 already exists at 'techniques/attack/enterprise/T1083.json'. Skipping generation.
2025-09-25 18:46:48 WARNING  __main__ :: Plan for T1568 already exists at 'techniques/attack/enterprise/T1568.json'. Skipping generation.
2025-09-25 18:46:48 WARNING  __main__ :: Plan for T1036.004 already exists at 'techniques/attack/enterprise/T1036.004.json'. Skipping generation.
2025-09-25 18:46:48 WARNING  __main__ :: Plan for T1055.004 already exists at 'techniques/attack/enterprise/T1055.004.json'. Skipping generation.
2025-09-25 18:46:48 WARNING  __main__ :: Plan for T1020.001 already exists at 'techniques/attack/enterprise/T1020.001.json'. Skipping generation.
2025-09-25 18:46:48 WARNING  __main__ :: Plan for T1647 already exists at 'techniques/attack/enterprise/T1647.json'. Skipping generation.
2025-09-25 18:46:48 WARNING  __main__ :: Plan for T1127.003 already exists at 'techniques/attack/enterprise/T1127.003.json'. Skipping generation.
2025-09-25 18:46:48 WARNING  __main__ :: Plan for T1546.009 already exists at 'techniques/attack/enterprise/T1546.009.json'. Skipping generation.
2025-09-25 18:46:48 WARNING  __main__ :: Plan for T1114.003 already exists at 'techniques/attack/enterprise/T1114.003.json'. Skipping generation.
2025-09-25 18:46:48 WARNING  __main__ :: Plan for T1074 already exists at 'techniques/attack/enterprise/T1074.json'. Skipping generation.
2025-09-25 18:46:48 WARNING  __main__ :: Plan for T1649 already exists at 'techniques/attack/enterprise/T1649.json'. Skipping generation.
2025-09-25 18:46:48 WARNING  __main__ :: Plan for T1098.005 already exists at 'techniques/attack/enterprise/T1098.005.json'. Skipping generation.
2025-09-25 18:46:48 WARNING  __main__ :: Plan for T1049 already exists at 'techniques/attack/enterprise/T1049.json'. Skipping generation.
2025-09-25 18:46:48 WARNING  __main__ :: Plan for T1584 already exists at 'techniques/attack/enterprise/T1584.json'. Skipping generation.
2025-09-25 18:46:48 WARNING  __main__ :: Plan for T1553.005 already exists at 'techniques/attack/enterprise/T1553.005.json'. Skipping generation.
2025-09-25 18:46:48 WARNING  __main__ :: Plan for T1600.002 already exists at 'techniques/attack/enterprise/T1600.002.json'. Skipping generation.
2025-09-25 18:46:48 WARNING  __main__ :: Plan for T1542 already exists at 'techniques/attack/enterprise/T1542.json'. Skipping generation.
2025-09-25 18:46:48 WARNING  __main__ :: Plan for T1612 already exists at 'techniques/attack/enterprise/T1612.json'. Skipping generation.
2025-09-25 18:46:48 WARNING  __main__ :: Plan for T1055.002 already exists at 'techniques/attack/enterprise/T1055.002.json'. Skipping generation.
2025-09-25 18:46:48 WARNING  __main__ :: Plan for T1218.012 already exists at 'techniques/attack/enterprise/T1218.012.json'. Skipping generation.
2025-09-25 18:46:48 WARNING  __main__ :: Plan for T1586 already exists at 'techniques/attack/enterprise/T1586.json'. Skipping generation.
2025-09-25 18:46:48 WARNING  __main__ :: Plan for T1569.001 already exists at 'techniques/attack/enterprise/T1569.001.json'. Skipping generation.
2025-09-25 18:46:48 WARNING  __main__ :: Plan for T1584.005 already exists at 'techniques/attack/enterprise/T1584.005.json'. Skipping generation.
2025-09-25 18:46:48 WARNING  __main__ :: Plan for T1059.008 already exists at 'techniques/attack/enterprise/T1059.008.json'. Skipping generation.
2025-09-25 18:46:48 WARNING  __main__ :: Plan for T1552.003 already exists at 'techniques/attack/enterprise/T1552.003.json'. Skipping generation.
2025-09-25 18:46:48 WARNING  __main__ :: Plan for T1562.010 already exists at 'techniques/attack/enterprise/T1562.010.json'. Skipping generation.
2025-09-25 18:46:48 WARNING  __main__ :: Plan for T1559.003 already exists at 'techniques/attack/enterprise/T1559.003.json'. Skipping generation.
2025-09-25 18:46:48 WARNING  __main__ :: Plan for T1497 already exists at 'techniques/attack/enterprise/T1497.json'. Skipping generation.
2025-09-25 18:46:48 WARNING  __main__ :: Plan for T1102 already exists at 'techniques/attack/enterprise/T1102.json'. Skipping generation.
2025-09-25 18:46:48 WARNING  __main__ :: Plan for T1552.001 already exists at 'techniques/attack/enterprise/T1552.001.json'. Skipping generation.
2025-09-25 18:46:48 WARNING  __main__ :: Plan for T1568.003 already exists at 'techniques/attack/enterprise/T1568.003.json'. Skipping generation.
2025-09-25 18:46:48 WARNING  __main__ :: Plan for T1218.005 already exists at 'techniques/attack/enterprise/T1218.005.json'. Skipping generation.
2025-09-25 18:46:48 WARNING  __main__ :: Plan for T1547.015 already exists at 'techniques/attack/enterprise/T1547.015.json'. Skipping generation.
2025-09-25 18:46:48 WARNING  __main__ :: Plan for T1608 already exists at 'techniques/attack/enterprise/T1608.json'. Skipping generation.
2025-09-25 18:46:48 WARNING  __main__ :: Plan for T1608.005 already exists at 'techniques/attack/enterprise/T1608.005.json'. Skipping generation.
2025-09-25 18:46:48 WARNING  __main__ :: Plan for T1104 already exists at 'techniques/attack/enterprise/T1104.json'. Skipping generation.
2025-09-25 18:46:48 WARNING  __main__ :: Plan for T1657 already exists at 'techniques/attack/enterprise/T1657.json'. Skipping generation.
2025-09-25 18:46:48 WARNING  __main__ :: Plan for T1480 already exists at 'techniques/attack/enterprise/T1480.json'. Skipping generation.
2025-09-25 18:46:48 WARNING  __main__ :: Plan for T1619 already exists at 'techniques/attack/enterprise/T1619.json'. Skipping generation.
2025-09-25 18:46:48 WARNING  __main__ :: Plan for T1606.001 already exists at 'techniques/attack/enterprise/T1606.001.json'. Skipping generation.
2025-09-25 18:46:48 WARNING  __main__ :: Plan for T1654 already exists at 'techniques/attack/enterprise/T1654.json'. Skipping generation.
2025-09-25 18:46:48 WARNING  __main__ :: Plan for T1134.001 already exists at 'techniques/attack/enterprise/T1134.001.json'. Skipping generation.
2025-09-25 18:46:48 WARNING  __main__ :: Plan for T1567.001 already exists at 'techniques/attack/enterprise/T1567.001.json'. Skipping generation.
2025-09-25 18:46:48 WARNING  __main__ :: Plan for T1021.007 already exists at 'techniques/attack/enterprise/T1021.007.json'. Skipping generation.
2025-09-25 18:46:48 WARNING  __main__ :: Plan for T1205.001 already exists at 'techniques/attack/enterprise/T1205.001.json'. Skipping generation.
2025-09-25 18:46:48 WARNING  __main__ :: Plan for T1027.012 already exists at 'techniques/attack/enterprise/T1027.012.json'. Skipping generation.
2025-09-25 18:46:48 WARNING  __main__ :: Plan for T1583.006 already exists at 'techniques/attack/enterprise/T1583.006.json'. Skipping generation.
2025-09-25 18:46:48 WARNING  __main__ :: Plan for T1528 already exists at 'techniques/attack/enterprise/T1528.json'. Skipping generation.
2025-09-25 18:46:48 WARNING  __main__ :: Plan for T1598.002 already exists at 'techniques/attack/enterprise/T1598.002.json'. Skipping generation.
2025-09-25 18:46:48 WARNING  __main__ :: Plan for T1098.001 already exists at 'techniques/attack/enterprise/T1098.001.json'. Skipping generation.
2025-09-25 18:46:48 WARNING  __main__ :: Plan for T1204 already exists at 'techniques/attack/enterprise/T1204.json'. Skipping generation.
2025-09-25 18:46:48 WARNING  __main__ :: Plan for T1491.001 already exists at 'techniques/attack/enterprise/T1491.001.json'. Skipping generation.
2025-09-25 18:46:48 WARNING  __main__ :: Plan for T1564.002 already exists at 'techniques/attack/enterprise/T1564.002.json'. Skipping generation.
2025-09-25 18:46:48 WARNING  __main__ :: Plan for T1134.003 already exists at 'techniques/attack/enterprise/T1134.003.json'. Skipping generation.
2025-09-25 18:46:48 WARNING  __main__ :: Plan for T1552.006 already exists at 'techniques/attack/enterprise/T1552.006.json'. Skipping generation.
2025-09-25 18:46:48 WARNING  __main__ :: Plan for T1048.002 already exists at 'techniques/attack/enterprise/T1048.002.json'. Skipping generation.
2025-09-25 18:46:48 WARNING  __main__ :: Plan for T1087.004 already exists at 'techniques/attack/enterprise/T1087.004.json'. Skipping generation.
2025-09-25 18:46:48 WARNING  __main__ :: Plan for T1057 already exists at 'techniques/attack/enterprise/T1057.json'. Skipping generation.
2025-09-25 18:46:48 WARNING  __main__ :: Plan for T1562.003 already exists at 'techniques/attack/enterprise/T1562.003.json'. Skipping generation.
2025-09-25 18:46:48 WARNING  __main__ :: Plan for T1556.008 already exists at 'techniques/attack/enterprise/T1556.008.json'. Skipping generation.
2025-09-25 18:46:48 WARNING  __main__ :: Plan for T1546.003 already exists at 'techniques/attack/enterprise/T1546.003.json'. Skipping generation.
2025-09-25 18:46:48 WARNING  __main__ :: Plan for T1596.004 already exists at 'techniques/attack/enterprise/T1596.004.json'. Skipping generation.
2025-09-25 18:46:48 WARNING  __main__ :: Plan for T1497.002 already exists at 'techniques/attack/enterprise/T1497.002.json'. Skipping generation.
2025-09-25 18:46:48 WARNING  __main__ :: Plan for T1496.004 already exists at 'techniques/attack/enterprise/T1496.004.json'. Skipping generation.
2025-09-25 18:46:48 WARNING  __main__ :: Plan for T1585.003 already exists at 'techniques/attack/enterprise/T1585.003.json'. Skipping generation.
2025-09-25 18:46:48 WARNING  __main__ :: Plan for T1072 already exists at 'techniques/attack/enterprise/T1072.json'. Skipping generation.
2025-09-25 18:46:48 WARNING  __main__ :: Plan for T1041 already exists at 'techniques/attack/enterprise/T1041.json'. Skipping generation.
2025-09-25 18:46:48 WARNING  __main__ :: Plan for T1134.004 already exists at 'techniques/attack/enterprise/T1134.004.json'. Skipping generation.
2025-09-25 18:46:48 WARNING  __main__ :: Plan for T1591 already exists at 'techniques/attack/enterprise/T1591.json'. Skipping generation.
2025-09-25 18:46:48 WARNING  __main__ :: Plan for T1606 already exists at 'techniques/attack/enterprise/T1606.json'. Skipping generation.
2025-09-25 18:46:48 WARNING  __main__ :: Plan for T1621 already exists at 'techniques/attack/enterprise/T1621.json'. Skipping generation.
2025-09-25 18:46:48 WARNING  __main__ :: Plan for T1554 already exists at 'techniques/attack/enterprise/T1554.json'. Skipping generation.
2025-09-25 18:46:48 WARNING  __main__ :: Plan for T1552.008 already exists at 'techniques/attack/enterprise/T1552.008.json'. Skipping generation.
2025-09-25 18:46:48 WARNING  __main__ :: Plan for T1059.001 already exists at 'techniques/attack/enterprise/T1059.001.json'. Skipping generation.
2025-09-25 18:46:48 WARNING  __main__ :: Plan for T1546.001 already exists at 'techniques/attack/enterprise/T1546.001.json'. Skipping generation.
2025-09-25 18:46:48 WARNING  __main__ :: Plan for T1055.014 already exists at 'techniques/attack/enterprise/T1055.014.json'. Skipping generation.
2025-09-25 18:46:48 WARNING  __main__ :: Plan for T1071.002 already exists at 'techniques/attack/enterprise/T1071.002.json'. Skipping generation.
2025-09-25 18:46:48 WARNING  __main__ :: Plan for T1212 already exists at 'techniques/attack/enterprise/T1212.json'. Skipping generation.
2025-09-25 18:46:48 WARNING  __main__ :: Plan for T1546.014 already exists at 'techniques/attack/enterprise/T1546.014.json'. Skipping generation.
2025-09-25 18:46:48 WARNING  __main__ :: Plan for T1102.003 already exists at 'techniques/attack/enterprise/T1102.003.json'. Skipping generation.
2025-09-25 18:46:48 WARNING  __main__ :: Plan for T1590 already exists at 'techniques/attack/enterprise/T1590.json'. Skipping generation.
2025-09-25 18:46:48 WARNING  __main__ :: Plan for T1210 already exists at 'techniques/attack/enterprise/T1210.json'. Skipping generation.
2025-09-25 18:46:48 WARNING  __main__ :: Plan for T1534 already exists at 'techniques/attack/enterprise/T1534.json'. Skipping generation.
2025-09-25 18:46:48 WARNING  __main__ :: Plan for T1574.010 already exists at 'techniques/attack/enterprise/T1574.010.json'. Skipping generation.
2025-09-25 18:46:48 WARNING  __main__ :: Plan for T1547.001 already exists at 'techniques/attack/enterprise/T1547.001.json'. Skipping generation.
2025-09-25 18:46:48 WARNING  __main__ :: Plan for T1199 already exists at 'techniques/attack/enterprise/T1199.json'. Skipping generation.
2025-09-25 18:46:48 WARNING  __main__ :: Plan for T1136.003 already exists at 'techniques/attack/enterprise/T1136.003.json'. Skipping generation.
2025-09-25 18:46:48 WARNING  __main__ :: Plan for T1069.001 already exists at 'techniques/attack/enterprise/T1069.001.json'. Skipping generation.
2025-09-25 18:46:48 WARNING  __main__ :: Plan for T1593 already exists at 'techniques/attack/enterprise/T1593.json'. Skipping generation.
2025-09-25 18:46:48 WARNING  __main__ :: Plan for T1098 already exists at 'techniques/attack/enterprise/T1098.json'. Skipping generation.
2025-09-25 18:46:48 WARNING  __main__ :: Plan for T1048 already exists at 'techniques/attack/enterprise/T1048.json'. Skipping generation.
2025-09-25 18:46:48 WARNING  __main__ :: Plan for T1547.006 already exists at 'techniques/attack/enterprise/T1547.006.json'. Skipping generation.
2025-09-25 18:46:48 WARNING  __main__ :: Plan for T1056.002 already exists at 'techniques/attack/enterprise/T1056.002.json'. Skipping generation.
2025-09-25 18:46:48 WARNING  __main__ :: Plan for T1588.002 already exists at 'techniques/attack/enterprise/T1588.002.json'. Skipping generation.
2025-09-25 18:46:48 WARNING  __main__ :: Plan for T1052.001 already exists at 'techniques/attack/enterprise/T1052.001.json'. Skipping generation.
2025-09-25 18:46:48 WARNING  __main__ :: Plan for T1574.013 already exists at 'techniques/attack/enterprise/T1574.013.json'. Skipping generation.
2025-09-25 18:46:48 WARNING  __main__ :: Plan for T1597 already exists at 'techniques/attack/enterprise/T1597.json'. Skipping generation.
2025-09-25 18:46:48 WARNING  __main__ :: Plan for T1053.006 already exists at 'techniques/attack/enterprise/T1053.006.json'. Skipping generation.
2025-09-25 18:46:48 WARNING  __main__ :: Plan for T1566 already exists at 'techniques/attack/enterprise/T1566.json'. Skipping generation.
2025-09-25 18:46:48 WARNING  __main__ :: Plan for T1542.004 already exists at 'techniques/attack/enterprise/T1542.004.json'. Skipping generation.
2025-09-25 18:46:48 WARNING  __main__ :: Plan for T1218.001 already exists at 'techniques/attack/enterprise/T1218.001.json'. Skipping generation.
2025-09-25 18:46:48 WARNING  __main__ :: Plan for T1496.001 already exists at 'techniques/attack/enterprise/T1496.001.json'. Skipping generation.
2025-09-25 18:46:48 WARNING  __main__ :: Plan for T1070.005 already exists at 'techniques/attack/enterprise/T1070.005.json'. Skipping generation.
2025-09-25 18:46:48 WARNING  __main__ :: Plan for T1090.003 already exists at 'techniques/attack/enterprise/T1090.003.json'. Skipping generation.
2025-09-25 18:46:48 WARNING  __main__ :: Plan for T1110 already exists at 'techniques/attack/enterprise/T1110.json'. Skipping generation.
2025-09-25 18:46:48 WARNING  __main__ :: Plan for T1059.004 already exists at 'techniques/attack/enterprise/T1059.004.json'. Skipping generation.
2025-09-25 18:46:48 WARNING  __main__ :: Plan for T1137.003 already exists at 'techniques/attack/enterprise/T1137.003.json'. Skipping generation.
2025-09-25 18:46:48 WARNING  __main__ :: Plan for T1219.003 already exists at 'techniques/attack/enterprise/T1219.003.json'. Skipping generation.
2025-09-25 18:46:48 WARNING  __main__ :: Plan for T1562.001 already exists at 'techniques/attack/enterprise/T1562.001.json'. Skipping generation.
2025-09-25 18:46:48 WARNING  __main__ :: Plan for T1565 already exists at 'techniques/attack/enterprise/T1565.json'. Skipping generation.
2025-09-25 18:46:48 WARNING  __main__ :: Plan for T1559 already exists at 'techniques/attack/enterprise/T1559.json'. Skipping generation.
2025-09-25 18:46:48 WARNING  __main__ :: Plan for T1001 already exists at 'techniques/attack/enterprise/T1001.json'. Skipping generation.
2025-09-25 18:46:48 WARNING  __main__ :: Plan for T1039 already exists at 'techniques/attack/enterprise/T1039.json'. Skipping generation.
2025-09-25 18:46:48 WARNING  __main__ :: Plan for T1584.006 already exists at 'techniques/attack/enterprise/T1584.006.json'. Skipping generation.
2025-09-25 18:46:48 WARNING  __main__ :: Plan for T1601 already exists at 'techniques/attack/enterprise/T1601.json'. Skipping generation.
2025-09-25 18:46:48 WARNING  __main__ :: Plan for T1574 already exists at 'techniques/attack/enterprise/T1574.json'. Skipping generation.
2025-09-25 18:46:48 WARNING  __main__ :: Plan for T1059.011 already exists at 'techniques/attack/enterprise/T1059.011.json'. Skipping generation.
2025-09-25 18:46:48 WARNING  __main__ :: Plan for T1027.005 already exists at 'techniques/attack/enterprise/T1027.005.json'. Skipping generation.
2025-09-25 18:46:48 WARNING  __main__ :: Plan for T1204.003 already exists at 'techniques/attack/enterprise/T1204.003.json'. Skipping generation.
2025-09-25 18:46:48 WARNING  __main__ :: Plan for T1543.005 already exists at 'techniques/attack/enterprise/T1543.005.json'. Skipping generation.
2025-09-25 18:46:48 WARNING  __main__ :: Plan for T1078 already exists at 'techniques/attack/enterprise/T1078.json'. Skipping generation.
2025-09-25 18:46:48 WARNING  __main__ :: Plan for T1571 already exists at 'techniques/attack/enterprise/T1571.json'. Skipping generation.
2025-09-25 18:46:48 WARNING  __main__ :: Plan for T1585.001 already exists at 'techniques/attack/enterprise/T1585.001.json'. Skipping generation.
2025-09-25 18:46:48 WARNING  __main__ :: Plan for T1055.012 already exists at 'techniques/attack/enterprise/T1055.012.json'. Skipping generation.
2025-09-25 18:46:48 WARNING  __main__ :: Plan for T1068 already exists at 'techniques/attack/enterprise/T1068.json'. Skipping generation.
2025-09-25 18:46:48 WARNING  __main__ :: Plan for T1564.009 already exists at 'techniques/attack/enterprise/T1564.009.json'. Skipping generation.
2025-09-25 18:46:48 WARNING  __main__ :: Plan for T1531 already exists at 'techniques/attack/enterprise/T1531.json'. Skipping generation.
2025-09-25 18:46:48 WARNING  __main__ :: Plan for T1110.004 already exists at 'techniques/attack/enterprise/T1110.004.json'. Skipping generation.
2025-09-25 18:46:48 WARNING  __main__ :: Plan for T1027 already exists at 'techniques/attack/enterprise/T1027.json'. Skipping generation.
2025-09-25 18:46:48 WARNING  __main__ :: Plan for T1556.006 already exists at 'techniques/attack/enterprise/T1556.006.json'. Skipping generation.
2025-09-25 18:46:48 WARNING  __main__ :: Plan for T1114.002 already exists at 'techniques/attack/enterprise/T1114.002.json'. Skipping generation.
2025-09-25 18:46:48 WARNING  __main__ :: Plan for T1505.004 already exists at 'techniques/attack/enterprise/T1505.004.json'. Skipping generation.
2025-09-25 18:46:48 WARNING  __main__ :: Plan for T1036.001 already exists at 'techniques/attack/enterprise/T1036.001.json'. Skipping generation.
2025-09-25 18:46:48 WARNING  __main__ :: Plan for T1564.006 already exists at 'techniques/attack/enterprise/T1564.006.json'. Skipping generation.
2025-09-25 18:46:48 WARNING  __main__ :: Plan for T1027.014 already exists at 'techniques/attack/enterprise/T1027.014.json'. Skipping generation.
2025-09-25 18:46:48 WARNING  __main__ :: Plan for T1201 already exists at 'techniques/attack/enterprise/T1201.json'. Skipping generation.
2025-09-25 18:46:48 WARNING  __main__ :: Plan for T1546 already exists at 'techniques/attack/enterprise/T1546.json'. Skipping generation.
2025-09-25 18:46:48 WARNING  __main__ :: Plan for T1546.004 already exists at 'techniques/attack/enterprise/T1546.004.json'. Skipping generation.
2025-09-25 18:46:48 WARNING  __main__ :: Plan for T1187 already exists at 'techniques/attack/enterprise/T1187.json'. Skipping generation.
2025-09-25 18:46:48 WARNING  __main__ :: Plan for T1134.005 already exists at 'techniques/attack/enterprise/T1134.005.json'. Skipping generation.
2025-09-25 18:46:48 WARNING  __main__ :: Plan for T1599 already exists at 'techniques/attack/enterprise/T1599.json'. Skipping generation.
2025-09-25 18:46:48 WARNING  __main__ :: Plan for T1486 already exists at 'techniques/attack/enterprise/T1486.json'. Skipping generation.
2025-09-25 18:46:48 WARNING  __main__ :: Plan for T1553 already exists at 'techniques/attack/enterprise/T1553.json'. Skipping generation.
2025-09-25 18:46:48 WARNING  __main__ :: Plan for T1548.004 already exists at 'techniques/attack/enterprise/T1548.004.json'. Skipping generation.
2025-09-25 18:46:48 WARNING  __main__ :: Plan for T1592.003 already exists at 'techniques/attack/enterprise/T1592.003.json'. Skipping generation.
2025-09-25 18:46:48 WARNING  __main__ :: Plan for T1573 already exists at 'techniques/attack/enterprise/T1573.json'. Skipping generation.
2025-09-25 18:46:48 WARNING  __main__ :: Plan for T1547.002 already exists at 'techniques/attack/enterprise/T1547.002.json'. Skipping generation.
2025-09-25 18:46:48 WARNING  __main__ :: Plan for T1218.010 already exists at 'techniques/attack/enterprise/T1218.010.json'. Skipping generation.
2025-09-25 18:46:48 WARNING  __main__ :: Plan for T1567.003 already exists at 'techniques/attack/enterprise/T1567.003.json'. Skipping generation.
2025-09-25 18:46:48 WARNING  __main__ :: Plan for T1592.002 already exists at 'techniques/attack/enterprise/T1592.002.json'. Skipping generation.
2025-09-25 18:46:48 WARNING  __main__ :: Plan for T1056 already exists at 'techniques/attack/enterprise/T1056.json'. Skipping generation.
2025-09-25 18:46:48 WARNING  __main__ :: Plan for T1566.004 already exists at 'techniques/attack/enterprise/T1566.004.json'. Skipping generation.
2025-09-25 18:46:48 WARNING  __main__ :: Plan for T1587.004 already exists at 'techniques/attack/enterprise/T1587.004.json'. Skipping generation.
2025-09-25 18:46:48 WARNING  __main__ :: Plan for T1593.001 already exists at 'techniques/attack/enterprise/T1593.001.json'. Skipping generation.
2025-09-25 18:46:48 WARNING  __main__ :: Plan for T1213.004 already exists at 'techniques/attack/enterprise/T1213.004.json'. Skipping generation.
2025-09-25 18:46:48 WARNING  __main__ :: Plan for T1546.015 already exists at 'techniques/attack/enterprise/T1546.015.json'. Skipping generation.
2025-09-25 18:46:48 WARNING  __main__ :: Plan for T1589.001 already exists at 'techniques/attack/enterprise/T1589.001.json'. Skipping generation.
2025-09-25 18:46:48 WARNING  __main__ :: Plan for T1195.002 already exists at 'techniques/attack/enterprise/T1195.002.json'. Skipping generation.
2025-09-25 18:46:48 WARNING  __main__ :: Plan for T1036.003 already exists at 'techniques/attack/enterprise/T1036.003.json'. Skipping generation.
2025-09-25 18:46:48 WARNING  __main__ :: Plan for T1102.002 already exists at 'techniques/attack/enterprise/T1102.002.json'. Skipping generation.
2025-09-25 18:46:48 WARNING  __main__ :: Plan for T1203 already exists at 'techniques/attack/enterprise/T1203.json'. Skipping generation.
2025-09-25 18:46:48 WARNING  __main__ :: Plan for T1595.003 already exists at 'techniques/attack/enterprise/T1595.003.json'. Skipping generation.
2025-09-25 18:46:48 WARNING  __main__ :: Plan for T1667 already exists at 'techniques/attack/enterprise/T1667.json'. Skipping generation.
2025-09-25 18:46:48 WARNING  __main__ :: Plan for T1562.011 already exists at 'techniques/attack/enterprise/T1562.011.json'. Skipping generation.
2025-09-25 18:46:48 WARNING  __main__ :: Plan for T1137.004 already exists at 'techniques/attack/enterprise/T1137.004.json'. Skipping generation.
2025-09-25 18:46:48 WARNING  __main__ :: Plan for T1573.002 already exists at 'techniques/attack/enterprise/T1573.002.json'. Skipping generation.
2025-09-25 18:46:48 WARNING  __main__ :: Plan for T1567.002 already exists at 'techniques/attack/enterprise/T1567.002.json'. Skipping generation.
2025-09-25 18:46:48 WARNING  __main__ :: Plan for T1570 already exists at 'techniques/attack/enterprise/T1570.json'. Skipping generation.
2025-09-25 18:46:48 WARNING  __main__ :: Plan for T1574.009 already exists at 'techniques/attack/enterprise/T1574.009.json'. Skipping generation.
2025-09-25 18:46:48 WARNING  __main__ :: Plan for T1608.003 already exists at 'techniques/attack/enterprise/T1608.003.json'. Skipping generation.
2025-09-25 18:46:48 WARNING  __main__ :: Plan for T1037.005 already exists at 'techniques/attack/enterprise/T1037.005.json'. Skipping generation.
2025-09-25 18:46:48 WARNING  __main__ :: Plan for T1614.001 already exists at 'techniques/attack/enterprise/T1614.001.json'. Skipping generation.
2025-09-25 18:46:48 WARNING  __main__ :: Plan for T1095 already exists at 'techniques/attack/enterprise/T1095.json'. Skipping generation.
2025-09-25 18:46:48 WARNING  __main__ :: Plan for T1027.003 already exists at 'techniques/attack/enterprise/T1027.003.json'. Skipping generation.
2025-09-25 18:46:48 WARNING  __main__ :: Plan for T1584.002 already exists at 'techniques/attack/enterprise/T1584.002.json'. Skipping generation.
2025-09-25 18:46:48 WARNING  __main__ :: Plan for T1671 already exists at 'techniques/attack/enterprise/T1671.json'. Skipping generation.
2025-09-25 18:46:48 WARNING  __main__ :: Plan for T1001.003 already exists at 'techniques/attack/enterprise/T1001.003.json'. Skipping generation.
2025-09-25 18:46:48 WARNING  __main__ :: Plan for T1012 already exists at 'techniques/attack/enterprise/T1012.json'. Skipping generation.
2025-09-25 18:46:48 WARNING  __main__ :: Plan for T1030 already exists at 'techniques/attack/enterprise/T1030.json'. Skipping generation.
2025-09-25 18:46:48 WARNING  __main__ :: Plan for T1550.004 already exists at 'techniques/attack/enterprise/T1550.004.json'. Skipping generation.
2025-09-25 18:46:48 WARNING  __main__ :: Plan for T1078.002 already exists at 'techniques/attack/enterprise/T1078.002.json'. Skipping generation.
2025-09-25 18:46:48 WARNING  __main__ :: Plan for T1218.009 already exists at 'techniques/attack/enterprise/T1218.009.json'. Skipping generation.
2025-09-25 18:46:48 WARNING  __main__ :: Plan for T1553.004 already exists at 'techniques/attack/enterprise/T1553.004.json'. Skipping generation.
2025-09-25 18:46:48 WARNING  __main__ :: Plan for T1037.003 already exists at 'techniques/attack/enterprise/T1037.003.json'. Skipping generation.
2025-09-25 18:46:48 WARNING  __main__ :: Plan for T1499 already exists at 'techniques/attack/enterprise/T1499.json'. Skipping generation.
2025-09-25 18:46:48 WARNING  __main__ :: Plan for T1027.004 already exists at 'techniques/attack/enterprise/T1027.004.json'. Skipping generation.
2025-09-25 18:46:48 WARNING  __main__ :: Plan for T1614 already exists at 'techniques/attack/enterprise/T1614.json'. Skipping generation.
2025-09-25 18:46:48 WARNING  __main__ :: Plan for T1564.007 already exists at 'techniques/attack/enterprise/T1564.007.json'. Skipping generation.
2025-09-25 18:46:48 WARNING  __main__ :: Plan for T1197 already exists at 'techniques/attack/enterprise/T1197.json'. Skipping generation.
2025-09-25 18:46:48 WARNING  __main__ :: Plan for T1127.001 already exists at 'techniques/attack/enterprise/T1127.001.json'. Skipping generation.
2025-09-25 18:46:48 WARNING  __main__ :: Plan for T1656 already exists at 'techniques/attack/enterprise/T1656.json'. Skipping generation.
2025-09-25 18:46:48 WARNING  __main__ :: Plan for T1578.005 already exists at 'techniques/attack/enterprise/T1578.005.json'. Skipping generation.
2025-09-25 18:46:48 WARNING  __main__ :: Plan for T1090.004 already exists at 'techniques/attack/enterprise/T1090.004.json'. Skipping generation.
2025-09-25 18:46:48 WARNING  __main__ :: Plan for T1557.002 already exists at 'techniques/attack/enterprise/T1557.002.json'. Skipping generation.
2025-09-25 18:46:48 WARNING  __main__ :: Plan for T1562.008 already exists at 'techniques/attack/enterprise/T1562.008.json'. Skipping generation.
2025-09-25 18:46:48 WARNING  __main__ :: Plan for T1518.001 already exists at 'techniques/attack/enterprise/T1518.001.json'. Skipping generation.
2025-09-25 18:46:48 WARNING  __main__ :: Plan for T1564.003 already exists at 'techniques/attack/enterprise/T1564.003.json'. Skipping generation.
2025-09-25 18:46:48 WARNING  __main__ :: Plan for T1127.002 already exists at 'techniques/attack/enterprise/T1127.002.json'. Skipping generation.
2025-09-25 18:46:48 WARNING  __main__ :: Plan for T1059.006 already exists at 'techniques/attack/enterprise/T1059.006.json'. Skipping generation.
2025-09-25 18:46:48 WARNING  __main__ :: Plan for T1070.010 already exists at 'techniques/attack/enterprise/T1070.010.json'. Skipping generation.
2025-09-25 18:46:48 WARNING  __main__ :: Plan for T1591.004 already exists at 'techniques/attack/enterprise/T1591.004.json'. Skipping generation.
2025-09-25 18:46:48 WARNING  __main__ :: Plan for T1132 already exists at 'techniques/attack/enterprise/T1132.json'. Skipping generation.
2025-09-25 18:46:48 WARNING  __main__ :: Plan for T1546.010 already exists at 'techniques/attack/enterprise/T1546.010.json'. Skipping generation.
2025-09-25 18:46:48 WARNING  __main__ :: Plan for T1598 already exists at 'techniques/attack/enterprise/T1598.json'. Skipping generation.
2025-09-25 18:46:48 WARNING  __main__ :: Plan for T1496 already exists at 'techniques/attack/enterprise/T1496.json'. Skipping generation.
2025-09-25 18:46:48 WARNING  __main__ :: Plan for T1585 already exists at 'techniques/attack/enterprise/T1585.json'. Skipping generation.
2025-09-25 18:46:48 WARNING  __main__ :: Plan for T1588 already exists at 'techniques/attack/enterprise/T1588.json'. Skipping generation.
2025-09-25 18:46:48 WARNING  __main__ :: Plan for T1546.002 already exists at 'techniques/attack/enterprise/T1546.002.json'. Skipping generation.
2025-09-25 18:46:48 WARNING  __main__ :: Plan for T1556.009 already exists at 'techniques/attack/enterprise/T1556.009.json'. Skipping generation.
2025-09-25 18:46:48 WARNING  __main__ :: Plan for T1578.002 already exists at 'techniques/attack/enterprise/T1578.002.json'. Skipping generation.
2025-09-25 18:46:48 WARNING  __main__ :: Plan for T1555.006 already exists at 'techniques/attack/enterprise/T1555.006.json'. Skipping generation.
2025-09-25 18:46:48 WARNING  __main__ :: Plan for T1213.003 already exists at 'techniques/attack/enterprise/T1213.003.json'. Skipping generation.
2025-09-25 18:46:48 WARNING  __main__ :: Plan for T1565.002 already exists at 'techniques/attack/enterprise/T1565.002.json'. Skipping generation.
2025-09-25 18:46:48 WARNING  __main__ :: Plan for T1003.008 already exists at 'techniques/attack/enterprise/T1003.008.json'. Skipping generation.
2025-09-25 18:46:48 WARNING  __main__ :: Plan for T1543.001 already exists at 'techniques/attack/enterprise/T1543.001.json'. Skipping generation.
2025-09-25 18:46:48 WARNING  __main__ :: Plan for T1569 already exists at 'techniques/attack/enterprise/T1569.json'. Skipping generation.
2025-09-25 18:46:48 WARNING  __main__ :: Plan for T1059.003 already exists at 'techniques/attack/enterprise/T1059.003.json'. Skipping generation.
2025-09-25 18:46:48 WARNING  __main__ :: Plan for T1055.009 already exists at 'techniques/attack/enterprise/T1055.009.json'. Skipping generation.
2025-09-25 18:46:48 WARNING  __main__ :: Plan for T1650 already exists at 'techniques/attack/enterprise/T1650.json'. Skipping generation.
2025-09-25 18:46:48 WARNING  __main__ :: Plan for T1601.001 already exists at 'techniques/attack/enterprise/T1601.001.json'. Skipping generation.
2025-09-25 18:46:48 WARNING  __main__ :: Plan for T1558.002 already exists at 'techniques/attack/enterprise/T1558.002.json'. Skipping generation.
2025-09-25 18:46:48 WARNING  __main__ :: Plan for T1213 already exists at 'techniques/attack/enterprise/T1213.json'. Skipping generation.
2025-09-25 18:46:48 WARNING  __main__ :: Plan for T1070.009 already exists at 'techniques/attack/enterprise/T1070.009.json'. Skipping generation.
2025-09-25 18:46:48 WARNING  __main__ :: Plan for T1059.012 already exists at 'techniques/attack/enterprise/T1059.012.json'. Skipping generation.
2025-09-25 18:46:48 WARNING  __main__ :: Plan for T1555.004 already exists at 'techniques/attack/enterprise/T1555.004.json'. Skipping generation.
2025-09-25 18:46:48 WARNING  __main__ :: Plan for T1036.010 already exists at 'techniques/attack/enterprise/T1036.010.json'. Skipping generation.
2025-09-25 18:46:48 WARNING  __main__ :: Plan for T1200 already exists at 'techniques/attack/enterprise/T1200.json'. Skipping generation.
2025-09-25 18:46:48 WARNING  __main__ :: Plan for T1219.002 already exists at 'techniques/attack/enterprise/T1219.002.json'. Skipping generation.
2025-09-25 18:46:48 WARNING  __main__ :: Plan for T1505 already exists at 'techniques/attack/enterprise/T1505.json'. Skipping generation.
2025-09-25 18:46:48 WARNING  __main__ :: Plan for T1485 already exists at 'techniques/attack/enterprise/T1485.json'. Skipping generation.
2025-09-25 18:46:48 WARNING  __main__ :: Plan for T1132.002 already exists at 'techniques/attack/enterprise/T1132.002.json'. Skipping generation.
2025-09-25 18:46:48 WARNING  __main__ :: Plan for T1556.001 already exists at 'techniques/attack/enterprise/T1556.001.json'. Skipping generation.
2025-09-25 18:46:48 WARNING  __main__ :: Plan for T1537 already exists at 'techniques/attack/enterprise/T1537.json'. Skipping generation.
2025-09-25 18:46:48 WARNING  __main__ :: Plan for T1027.006 already exists at 'techniques/attack/enterprise/T1027.006.json'. Skipping generation.
2025-09-25 18:46:48 WARNING  __main__ :: Plan for T1556.005 already exists at 'techniques/attack/enterprise/T1556.005.json'. Skipping generation.
2025-09-25 18:46:48 WARNING  __main__ :: Plan for T1027.010 already exists at 'techniques/attack/enterprise/T1027.010.json'. Skipping generation.
2025-09-25 18:46:48 WARNING  __main__ :: Plan for T1070.004 already exists at 'techniques/attack/enterprise/T1070.004.json'. Skipping generation.
2025-09-25 18:46:48 WARNING  __main__ :: Plan for T1189 already exists at 'techniques/attack/enterprise/T1189.json'. Skipping generation.
2025-09-25 18:46:48 WARNING  __main__ :: Plan for T1498 already exists at 'techniques/attack/enterprise/T1498.json'. Skipping generation.
2025-09-25 18:46:48 WARNING  __main__ :: Plan for T1651 already exists at 'techniques/attack/enterprise/T1651.json'. Skipping generation.
2025-09-25 18:46:48 WARNING  __main__ :: Plan for T1546.016 already exists at 'techniques/attack/enterprise/T1546.016.json'. Skipping generation.
2025-09-25 18:46:48 WARNING  __main__ :: Plan for T1595.001 already exists at 'techniques/attack/enterprise/T1595.001.json'. Skipping generation.
2025-09-25 18:46:48 WARNING  __main__ :: Plan for T1221 already exists at 'techniques/attack/enterprise/T1221.json'. Skipping generation.
2025-09-25 18:46:48 WARNING  __main__ :: Plan for T1037.004 already exists at 'techniques/attack/enterprise/T1037.004.json'. Skipping generation.
2025-09-25 18:46:48 WARNING  __main__ :: Plan for T1134 already exists at 'techniques/attack/enterprise/T1134.json'. Skipping generation.
2025-09-25 18:46:48 WARNING  __main__ :: Plan for T1111 already exists at 'techniques/attack/enterprise/T1111.json'. Skipping generation.
2025-09-25 18:46:48 WARNING  __main__ :: Plan for T1027.002 already exists at 'techniques/attack/enterprise/T1027.002.json'. Skipping generation.
2025-09-25 18:46:48 WARNING  __main__ :: Plan for T1584.007 already exists at 'techniques/attack/enterprise/T1584.007.json'. Skipping generation.
2025-09-25 18:46:48 WARNING  __main__ :: Plan for T1071.001 already exists at 'techniques/attack/enterprise/T1071.001.json'. Skipping generation.
2025-09-25 18:46:48 WARNING  __main__ :: Plan for T1059.005 already exists at 'techniques/attack/enterprise/T1059.005.json'. Skipping generation.
2025-09-25 18:46:48 WARNING  __main__ :: Plan for T1564.005 already exists at 'techniques/attack/enterprise/T1564.005.json'. Skipping generation.
2025-09-25 18:46:48 WARNING  __main__ :: Plan for T1543.002 already exists at 'techniques/attack/enterprise/T1543.002.json'. Skipping generation.
2025-09-25 18:46:48 WARNING  __main__ :: Plan for T1668 already exists at 'techniques/attack/enterprise/T1668.json'. Skipping generation.
2025-09-25 18:46:48 WARNING  __main__ :: Plan for T1563.002 already exists at 'techniques/attack/enterprise/T1563.002.json'. Skipping generation.
2025-09-25 18:46:48 WARNING  __main__ :: Plan for T1136 already exists at 'techniques/attack/enterprise/T1136.json'. Skipping generation.
2025-09-25 18:46:48 WARNING  __main__ :: Plan for T1547.013 already exists at 'techniques/attack/enterprise/T1547.013.json'. Skipping generation.
2025-09-25 18:46:48 WARNING  __main__ :: Plan for T1584.004 already exists at 'techniques/attack/enterprise/T1584.004.json'. Skipping generation.
2025-09-25 18:46:48 WARNING  __main__ :: Plan for T1672 already exists at 'techniques/attack/enterprise/T1672.json'. Skipping generation.
2025-09-25 18:46:48 WARNING  __main__ :: Plan for T1526 already exists at 'techniques/attack/enterprise/T1526.json'. Skipping generation.
2025-09-25 18:46:48 WARNING  __main__ :: Plan for T1204.004 already exists at 'techniques/attack/enterprise/T1204.004.json'. Skipping generation.
2025-09-25 18:46:48 WARNING  __main__ :: Plan for T1018 already exists at 'techniques/attack/enterprise/T1018.json'. Skipping generation.
2025-09-25 18:46:48 WARNING  __main__ :: Plan for T1046 already exists at 'techniques/attack/enterprise/T1046.json'. Skipping generation.
2025-09-25 18:46:48 WARNING  __main__ :: Plan for T1590.001 already exists at 'techniques/attack/enterprise/T1590.001.json'. Skipping generation.
2025-09-25 18:46:48 WARNING  __main__ :: Plan for T1518 already exists at 'techniques/attack/enterprise/T1518.json'. Skipping generation.
2025-09-25 18:46:48 WARNING  __main__ :: Plan for T1538 already exists at 'techniques/attack/enterprise/T1538.json'. Skipping generation.
2025-09-25 18:46:48 WARNING  __main__ :: Plan for T1055.005 already exists at 'techniques/attack/enterprise/T1055.005.json'. Skipping generation.
2025-09-25 18:46:48 WARNING  __main__ :: Plan for T1622 already exists at 'techniques/attack/enterprise/T1622.json'. Skipping generation.
2025-09-25 18:46:48 WARNING  __main__ :: Plan for T1036.006 already exists at 'techniques/attack/enterprise/T1036.006.json'. Skipping generation.
2025-09-25 18:46:48 WARNING  __main__ :: Plan for T1547.007 already exists at 'techniques/attack/enterprise/T1547.007.json'. Skipping generation.
2025-09-25 18:46:48 WARNING  __main__ :: Plan for T1608.006 already exists at 'techniques/attack/enterprise/T1608.006.json'. Skipping generation.
2025-09-25 18:46:48 WARNING  __main__ :: Plan for T1550.002 already exists at 'techniques/attack/enterprise/T1550.002.json'. Skipping generation.
2025-09-25 18:46:48 WARNING  __main__ :: Plan for T1052 already exists at 'techniques/attack/enterprise/T1052.json'. Skipping generation.
2025-09-25 18:46:48 WARNING  __main__ :: Plan for T1105 already exists at 'techniques/attack/enterprise/T1105.json'. Skipping generation.
2025-09-25 18:46:48 WARNING  __main__ :: Plan for T1216.002 already exists at 'techniques/attack/enterprise/T1216.002.json'. Skipping generation.
2025-09-25 18:46:48 WARNING  __main__ :: Plan for T1098.002 already exists at 'techniques/attack/enterprise/T1098.002.json'. Skipping generation.
2025-09-25 18:46:48 WARNING  __main__ :: Plan for T1588.003 already exists at 'techniques/attack/enterprise/T1588.003.json'. Skipping generation.
2025-09-25 18:46:48 WARNING  __main__ :: Plan for T1648 already exists at 'techniques/attack/enterprise/T1648.json'. Skipping generation.
2025-09-25 18:46:48 WARNING  __main__ :: Plan for T1548.006 already exists at 'techniques/attack/enterprise/T1548.006.json'. Skipping generation.
2025-09-25 18:46:48 WARNING  __main__ :: Plan for T1055.008 already exists at 'techniques/attack/enterprise/T1055.008.json'. Skipping generation.
2025-09-25 18:46:48 WARNING  __main__ :: Plan for T1653 already exists at 'techniques/attack/enterprise/T1653.json'. Skipping generation.
2025-09-25 18:46:48 WARNING  __main__ :: Plan for T1027.007 already exists at 'techniques/attack/enterprise/T1027.007.json'. Skipping generation.
2025-09-25 18:46:48 WARNING  __main__ :: Plan for T1021.001 already exists at 'techniques/attack/enterprise/T1021.001.json'. Skipping generation.
2025-09-25 18:46:48 WARNING  __main__ :: Plan for T1037.001 already exists at 'techniques/attack/enterprise/T1037.001.json'. Skipping generation.
2025-09-25 18:46:48 WARNING  __main__ :: Plan for T1055.015 already exists at 'techniques/attack/enterprise/T1055.015.json'. Skipping generation.
2025-09-25 18:46:48 WARNING  __main__ :: Plan for T1665 already exists at 'techniques/attack/enterprise/T1665.json'. Skipping generation.
2025-09-25 18:46:48 WARNING  __main__ :: Plan for T1484 already exists at 'techniques/attack/enterprise/T1484.json'. Skipping generation.
2025-09-25 18:46:48 WARNING  __main__ :: Plan for T1220 already exists at 'techniques/attack/enterprise/T1220.json'. Skipping generation.
2025-09-25 18:46:48 WARNING  __main__ :: Plan for T1596.005 already exists at 'techniques/attack/enterprise/T1596.005.json'. Skipping generation.
2025-09-25 18:46:48 WARNING  __main__ :: Plan for T1564.001 already exists at 'techniques/attack/enterprise/T1564.001.json'. Skipping generation.
2025-09-25 18:46:48 WARNING  __main__ :: Plan for T1578.001 already exists at 'techniques/attack/enterprise/T1578.001.json'. Skipping generation.
2025-09-25 18:46:48 WARNING  __main__ :: Plan for T1591.001 already exists at 'techniques/attack/enterprise/T1591.001.json'. Skipping generation.
2025-09-25 18:46:48 WARNING  __main__ :: Plan for T1137.002 already exists at 'techniques/attack/enterprise/T1137.002.json'. Skipping generation.
2025-09-25 18:46:48 WARNING  __main__ :: Plan for T1587 already exists at 'techniques/attack/enterprise/T1587.json'. Skipping generation.
2025-09-25 18:46:48 WARNING  __main__ :: Plan for T1003.003 already exists at 'techniques/attack/enterprise/T1003.003.json'. Skipping generation.
2025-09-25 18:46:48 WARNING  __main__ :: Plan for T1602.001 already exists at 'techniques/attack/enterprise/T1602.001.json'. Skipping generation.
2025-09-25 18:46:48 WARNING  __main__ :: Plan for T1001.002 already exists at 'techniques/attack/enterprise/T1001.002.json'. Skipping generation.
2025-09-25 18:46:48 WARNING  __main__ :: Plan for T1204.001 already exists at 'techniques/attack/enterprise/T1204.001.json'. Skipping generation.
2025-09-25 18:46:48 WARNING  __main__ :: Plan for T1550.001 already exists at 'techniques/attack/enterprise/T1550.001.json'. Skipping generation.
2025-09-25 18:46:48 WARNING  __main__ :: Plan for T1547.008 already exists at 'techniques/attack/enterprise/T1547.008.json'. Skipping generation.
2025-09-25 18:46:48 WARNING  __main__ :: Plan for T1569.002 already exists at 'techniques/attack/enterprise/T1569.002.json'. Skipping generation.
2025-09-25 18:46:48 WARNING  __main__ :: Plan for T1078.004 already exists at 'techniques/attack/enterprise/T1078.004.json'. Skipping generation.
2025-09-25 18:46:48 WARNING  __main__ :: Plan for T1480.001 already exists at 'techniques/attack/enterprise/T1480.001.json'. Skipping generation.
2025-09-25 18:46:48 WARNING  __main__ :: Plan for T1008 already exists at 'techniques/attack/enterprise/T1008.json'. Skipping generation.
2025-09-25 18:46:48 WARNING  __main__ :: Plan for T1564.004 already exists at 'techniques/attack/enterprise/T1564.004.json'. Skipping generation.
2025-09-25 18:46:48 WARNING  __main__ :: Plan for T1558.003 already exists at 'techniques/attack/enterprise/T1558.003.json'. Skipping generation.
2025-09-25 18:46:48 WARNING  __main__ :: Plan for T1003.006 already exists at 'techniques/attack/enterprise/T1003.006.json'. Skipping generation.
2025-09-25 18:46:48 WARNING  __main__ :: Plan for T1124 already exists at 'techniques/attack/enterprise/T1124.json'. Skipping generation.
2025-09-25 18:46:48 WARNING  __main__ :: Plan for T1053.002 already exists at 'techniques/attack/enterprise/T1053.002.json'. Skipping generation.
2025-09-25 18:46:48 WARNING  __main__ :: Plan for T1055.001 already exists at 'techniques/attack/enterprise/T1055.001.json'. Skipping generation.
2025-09-25 18:46:48 WARNING  __main__ :: Plan for T1588.005 already exists at 'techniques/attack/enterprise/T1588.005.json'. Skipping generation.
2025-09-25 18:46:48 WARNING  __main__ :: Plan for T1556 already exists at 'techniques/attack/enterprise/T1556.json'. Skipping generation.
2025-09-25 18:46:48 WARNING  __main__ :: Plan for T1546.017 already exists at 'techniques/attack/enterprise/T1546.017.json'. Skipping generation.
2025-09-25 18:46:48 WARNING  __main__ :: Plan for T1056.004 already exists at 'techniques/attack/enterprise/T1056.004.json'. Skipping generation.
2025-09-25 18:46:48 WARNING  __main__ :: Plan for T1495 already exists at 'techniques/attack/enterprise/T1495.json'. Skipping generation.
2025-09-25 18:46:48 WARNING  __main__ :: Plan for T1490 already exists at 'techniques/attack/enterprise/T1490.json'. Skipping generation.
2025-09-25 18:46:48 WARNING  __main__ :: Plan for T1546.007 already exists at 'techniques/attack/enterprise/T1546.007.json'. Skipping generation.
2025-09-25 18:46:48 WARNING  __main__ :: Plan for T1566.003 already exists at 'techniques/attack/enterprise/T1566.003.json'. Skipping generation.
2025-09-25 18:46:48 WARNING  __main__ :: Plan for T1090.001 already exists at 'techniques/attack/enterprise/T1090.001.json'. Skipping generation.
2025-09-25 18:46:48 WARNING  __main__ :: Plan for T1216 already exists at 'techniques/attack/enterprise/T1216.json'. Skipping generation.
2025-09-25 18:46:48 WARNING  __main__ :: Plan for T1102.001 already exists at 'techniques/attack/enterprise/T1102.001.json'. Skipping generation.
2025-09-25 18:46:48 WARNING  __main__ :: Plan for T1001.001 already exists at 'techniques/attack/enterprise/T1001.001.json'. Skipping generation.
2025-09-25 18:46:48 WARNING  __main__ :: Plan for T1598.001 already exists at 'techniques/attack/enterprise/T1598.001.json'. Skipping generation.
2025-09-25 18:46:48 WARNING  __main__ :: Plan for T1505.006 already exists at 'techniques/attack/enterprise/T1505.006.json'. Skipping generation.
2025-09-25 18:46:48 WARNING  __main__ :: Plan for T1552.007 already exists at 'techniques/attack/enterprise/T1552.007.json'. Skipping generation.
2025-09-25 18:46:48 WARNING  __main__ :: Plan for T1584.001 already exists at 'techniques/attack/enterprise/T1584.001.json'. Skipping generation.
2025-09-25 18:46:48 WARNING  __main__ :: Plan for T1505.001 already exists at 'techniques/attack/enterprise/T1505.001.json'. Skipping generation.
2025-09-25 18:46:48 WARNING  __main__ :: Plan for T1556.004 already exists at 'techniques/attack/enterprise/T1556.004.json'. Skipping generation.
2025-09-25 18:46:48 WARNING  __main__ :: Plan for T1561.001 already exists at 'techniques/attack/enterprise/T1561.001.json'. Skipping generation.
2025-09-25 18:46:48 WARNING  __main__ :: Plan for T1213.005 already exists at 'techniques/attack/enterprise/T1213.005.json'. Skipping generation.
2025-09-25 18:46:48 WARNING  __main__ :: Plan for T1048.003 already exists at 'techniques/attack/enterprise/T1048.003.json'. Skipping generation.
2025-09-25 18:46:48 WARNING  __main__ :: Plan for T1027.015 already exists at 'techniques/attack/enterprise/T1027.015.json'. Skipping generation.
2025-09-25 18:46:48 WARNING  __main__ :: Plan for T1574.004 already exists at 'techniques/attack/enterprise/T1574.004.json'. Skipping generation.
2025-09-25 18:46:48 WARNING  __main__ :: Plan for T1601.002 already exists at 'techniques/attack/enterprise/T1601.002.json'. Skipping generation.
2025-09-25 18:46:48 WARNING  __main__ :: Plan for T1078.003 already exists at 'techniques/attack/enterprise/T1078.003.json'. Skipping generation.
2025-09-25 18:46:48 WARNING  __main__ :: Plan for T1669 already exists at 'techniques/attack/enterprise/T1669.json'. Skipping generation.
2025-09-25 18:46:48 WARNING  __main__ :: Plan for T1211 already exists at 'techniques/attack/enterprise/T1211.json'. Skipping generation.
2025-09-25 18:46:48 WARNING  __main__ :: Plan for T1127 already exists at 'techniques/attack/enterprise/T1127.json'. Skipping generation.
2025-09-25 18:46:48 WARNING  __main__ :: Plan for T1529 already exists at 'techniques/attack/enterprise/T1529.json'. Skipping generation.
2025-09-25 18:46:48 WARNING  __main__ :: Plan for T1218.014 already exists at 'techniques/attack/enterprise/T1218.014.json'. Skipping generation.
2025-09-25 18:46:48 WARNING  __main__ :: Plan for T1564.010 already exists at 'techniques/attack/enterprise/T1564.010.json'. Skipping generation.
2025-09-25 18:46:48 WARNING  __main__ :: Plan for T1574.012 already exists at 'techniques/attack/enterprise/T1574.012.json'. Skipping generation.
2025-09-25 18:46:48 INFO     __main__ :: [680/883] Generating plan for T1603 - Scheduled Task-Job...
2025-09-25 18:46:48 INFO     google_genai.models :: AFC is enabled with max remote calls: 10.
