2025-09-26 15:24:25 INFO     __main__ :: Run initialized at: 20250926T152425Z | Logging to: logs/generator_20250926T152425Z.log
2025-09-26 15:24:25 INFO     __main__ :: Successfully loaded configuration from 'config/generator.yml'.
2025-09-26 15:24:25 INFO     src.attack_retriever :: Processing matrix: ics
2025-09-26 15:24:25 INFO     src.attack_retriever :: Using cached version of 'ics' matrix from 'ics-attack.json'.
2025-09-26 15:24:26 INFO     src.attack_retriever :: Built dictionary with 83 unique techniques across 1 matrices.
2025-09-26 15:24:26 INFO     __main__ :: Processing all available techniques from selected matrices.
2025-09-26 15:24:26 INFO     __main__ :: Will generate analytic plans for 83 techniques.
2025-09-26 15:24:26 WARNING  __main__ :: Plan for T0803 already exists at 'techniques/attack/ics/T0803.json'. Skipping generation.
2025-09-26 15:24:26 WARNING  __main__ :: Plan for T0881 already exists at 'techniques/attack/ics/T0881.json'. Skipping generation.
2025-09-26 15:24:26 WARNING  __main__ :: Plan for T0836 already exists at 'techniques/attack/ics/T0836.json'. Skipping generation.
2025-09-26 15:24:26 WARNING  __main__ :: Plan for T0821 already exists at 'techniques/attack/ics/T0821.json'. Skipping generation.
2025-09-26 15:24:26 WARNING  __main__ :: Plan for T0887 already exists at 'techniques/attack/ics/T0887.json'. Skipping generation.
2025-09-26 15:24:26 WARNING  __main__ :: Plan for T0829 already exists at 'techniques/attack/ics/T0829.json'. Skipping generation.
2025-09-26 15:24:26 WARNING  __main__ :: Plan for T0800 already exists at 'techniques/attack/ics/T0800.json'. Skipping generation.
2025-09-26 15:24:26 WARNING  __main__ :: Plan for T0831 already exists at 'techniques/attack/ics/T0831.json'. Skipping generation.
2025-09-26 15:24:26 WARNING  __main__ :: Plan for T0814 already exists at 'techniques/attack/ics/T0814.json'. Skipping generation.
2025-09-26 15:24:26 WARNING  __main__ :: Plan for T0805 already exists at 'techniques/attack/ics/T0805.json'. Skipping generation.
2025-09-26 15:24:26 WARNING  __main__ :: Plan for T0894 already exists at 'techniques/attack/ics/T0894.json'. Skipping generation.
2025-09-26 15:24:26 WARNING  __main__ :: Plan for T0807 already exists at 'techniques/attack/ics/T0807.json'. Skipping generation.
2025-09-26 15:24:26 WARNING  __main__ :: Plan for T0861 already exists at 'techniques/attack/ics/T0861.json'. Skipping generation.
2025-09-26 15:24:26 WARNING  __main__ :: Plan for T0816 already exists at 'techniques/attack/ics/T0816.json'. Skipping generation.
2025-09-26 15:24:26 WARNING  __main__ :: Plan for T0863 already exists at 'techniques/attack/ics/T0863.json'. Skipping generation.
2025-09-26 15:24:26 WARNING  __main__ :: Plan for T0860 already exists at 'techniques/attack/ics/T0860.json'. Skipping generation.
2025-09-26 15:24:26 WARNING  __main__ :: Plan for T0858 already exists at 'techniques/attack/ics/T0858.json'. Skipping generation.
2025-09-26 15:24:26 WARNING  __main__ :: Plan for T0878 already exists at 'techniques/attack/ics/T0878.json'. Skipping generation.
2025-09-26 15:24:26 WARNING  __main__ :: Plan for T0868 already exists at 'techniques/attack/ics/T0868.json'. Skipping generation.
2025-09-26 15:24:26 WARNING  __main__ :: Plan for T0837 already exists at 'techniques/attack/ics/T0837.json'. Skipping generation.
2025-09-26 15:24:26 WARNING  __main__ :: Plan for T0801 already exists at 'techniques/attack/ics/T0801.json'. Skipping generation.
2025-09-26 15:24:26 WARNING  __main__ :: Plan for T0853 already exists at 'techniques/attack/ics/T0853.json'. Skipping generation.
2025-09-26 15:24:26 WARNING  __main__ :: Plan for T0888 already exists at 'techniques/attack/ics/T0888.json'. Skipping generation.
2025-09-26 15:24:26 WARNING  __main__ :: Plan for T0845 already exists at 'techniques/attack/ics/T0845.json'. Skipping generation.
2025-09-26 15:24:26 WARNING  __main__ :: Plan for T0819 already exists at 'techniques/attack/ics/T0819.json'. Skipping generation.
2025-09-26 15:24:26 WARNING  __main__ :: Plan for T0811 already exists at 'techniques/attack/ics/T0811.json'. Skipping generation.
2025-09-26 15:24:26 WARNING  __main__ :: Plan for T0864 already exists at 'techniques/attack/ics/T0864.json'. Skipping generation.
2025-09-26 15:24:26 WARNING  __main__ :: Plan for T0835 already exists at 'techniques/attack/ics/T0835.json'. Skipping generation.
2025-09-26 15:24:26 WARNING  __main__ :: Plan for T0842 already exists at 'techniques/attack/ics/T0842.json'. Skipping generation.
2025-09-26 15:24:26 WARNING  __main__ :: Plan for T0851 already exists at 'techniques/attack/ics/T0851.json'. Skipping generation.
2025-09-26 15:24:26 WARNING  __main__ :: Plan for T0802 already exists at 'techniques/attack/ics/T0802.json'. Skipping generation.
2025-09-26 15:24:26 WARNING  __main__ :: Plan for T0804 already exists at 'techniques/attack/ics/T0804.json'. Skipping generation.
2025-09-26 15:24:26 WARNING  __main__ :: Plan for T0855 already exists at 'techniques/attack/ics/T0855.json'. Skipping generation.
2025-09-26 15:24:26 WARNING  __main__ :: Plan for T0809 already exists at 'techniques/attack/ics/T0809.json'. Skipping generation.
2025-09-26 15:24:26 WARNING  __main__ :: Plan for T0832 already exists at 'techniques/attack/ics/T0832.json'. Skipping generation.
2025-09-26 15:24:26 WARNING  __main__ :: Plan for T0872 already exists at 'techniques/attack/ics/T0872.json'. Skipping generation.
2025-09-26 15:24:26 WARNING  __main__ :: Plan for T0877 already exists at 'techniques/attack/ics/T0877.json'. Skipping generation.
2025-09-26 15:24:26 WARNING  __main__ :: Plan for T0815 already exists at 'techniques/attack/ics/T0815.json'. Skipping generation.
2025-09-26 15:24:26 WARNING  __main__ :: Plan for T0871 already exists at 'techniques/attack/ics/T0871.json'. Skipping generation.
2025-09-26 15:24:26 WARNING  __main__ :: Plan for T0862 already exists at 'techniques/attack/ics/T0862.json'. Skipping generation.
2025-09-26 15:24:26 WARNING  __main__ :: Plan for T0880 already exists at 'techniques/attack/ics/T0880.json'. Skipping generation.
2025-09-26 15:24:26 WARNING  __main__ :: Plan for T0828 already exists at 'techniques/attack/ics/T0828.json'. Skipping generation.
2025-09-26 15:24:26 WARNING  __main__ :: Plan for T0865 already exists at 'techniques/attack/ics/T0865.json'. Skipping generation.
2025-09-26 15:24:26 WARNING  __main__ :: Plan for T0895 already exists at 'techniques/attack/ics/T0895.json'. Skipping generation.
2025-09-26 15:24:26 WARNING  __main__ :: Plan for T0817 already exists at 'techniques/attack/ics/T0817.json'. Skipping generation.
2025-09-26 15:24:26 WARNING  __main__ :: Plan for T0879 already exists at 'techniques/attack/ics/T0879.json'. Skipping generation.
2025-09-26 15:24:26 WARNING  __main__ :: Plan for T0856 already exists at 'techniques/attack/ics/T0856.json'. Skipping generation.
2025-09-26 15:24:26 WARNING  __main__ :: Plan for T0866 already exists at 'techniques/attack/ics/T0866.json'. Skipping generation.
2025-09-26 15:24:26 WARNING  __main__ :: Plan for T0812 already exists at 'techniques/attack/ics/T0812.json'. Skipping generation.
2025-09-26 15:24:26 WARNING  __main__ :: Plan for T0822 already exists at 'techniques/attack/ics/T0822.json'. Skipping generation.
2025-09-26 15:24:26 WARNING  __main__ :: Plan for T0806 already exists at 'techniques/attack/ics/T0806.json'. Skipping generation.
2025-09-26 15:24:26 WARNING  __main__ :: Plan for T0830 already exists at 'techniques/attack/ics/T0830.json'. Skipping generation.
2025-09-26 15:24:26 WARNING  __main__ :: Plan for T0820 already exists at 'techniques/attack/ics/T0820.json'. Skipping generation.
2025-09-26 15:24:26 WARNING  __main__ :: Plan for T0827 already exists at 'techniques/attack/ics/T0827.json'. Skipping generation.
2025-09-26 15:24:26 WARNING  __main__ :: Plan for T0874 already exists at 'techniques/attack/ics/T0874.json'. Skipping generation.
2025-09-26 15:24:26 WARNING  __main__ :: Plan for T0823 already exists at 'techniques/attack/ics/T0823.json'. Skipping generation.
2025-09-26 15:24:26 WARNING  __main__ :: Plan for T0848 already exists at 'techniques/attack/ics/T0848.json'. Skipping generation.
2025-09-26 15:24:26 WARNING  __main__ :: Plan for T0834 already exists at 'techniques/attack/ics/T0834.json'. Skipping generation.
2025-09-26 15:24:26 WARNING  __main__ :: Plan for T0826 already exists at 'techniques/attack/ics/T0826.json'. Skipping generation.
2025-09-26 15:24:26 WARNING  __main__ :: Plan for T0882 already exists at 'techniques/attack/ics/T0882.json'. Skipping generation.
2025-09-26 15:24:26 WARNING  __main__ :: Plan for T0857 already exists at 'techniques/attack/ics/T0857.json'. Skipping generation.
2025-09-26 15:24:26 WARNING  __main__ :: Plan for T0849 already exists at 'techniques/attack/ics/T0849.json'. Skipping generation.
2025-09-26 15:24:26 WARNING  __main__ :: Plan for T0843 already exists at 'techniques/attack/ics/T0843.json'. Skipping generation.
2025-09-26 15:24:26 WARNING  __main__ :: Plan for T0847 already exists at 'techniques/attack/ics/T0847.json'. Skipping generation.
2025-09-26 15:24:26 WARNING  __main__ :: Plan for T0852 already exists at 'techniques/attack/ics/T0852.json'. Skipping generation.
2025-09-26 15:24:26 WARNING  __main__ :: Plan for T0891 already exists at 'techniques/attack/ics/T0891.json'. Skipping generation.
2025-09-26 15:24:26 WARNING  __main__ :: Plan for T0859 already exists at 'techniques/attack/ics/T0859.json'. Skipping generation.
2025-09-26 15:24:26 WARNING  __main__ :: Plan for T0890 already exists at 'techniques/attack/ics/T0890.json'. Skipping generation.
2025-09-26 15:24:26 WARNING  __main__ :: Plan for T0846 already exists at 'techniques/attack/ics/T0846.json'. Skipping generation.
2025-09-26 15:24:26 WARNING  __main__ :: Plan for T0884 already exists at 'techniques/attack/ics/T0884.json'. Skipping generation.
2025-09-26 15:24:26 WARNING  __main__ :: Plan for T0869 already exists at 'techniques/attack/ics/T0869.json'. Skipping generation.
2025-09-26 15:24:26 WARNING  __main__ :: Plan for T0886 already exists at 'techniques/attack/ics/T0886.json'. Skipping generation.
2025-09-26 15:24:26 WARNING  __main__ :: Plan for T0813 already exists at 'techniques/attack/ics/T0813.json'. Skipping generation.
2025-09-26 15:24:26 WARNING  __main__ :: Plan for T0838 already exists at 'techniques/attack/ics/T0838.json'. Skipping generation.
2025-09-26 15:24:26 WARNING  __main__ :: Plan for T0885 already exists at 'techniques/attack/ics/T0885.json'. Skipping generation.
2025-09-26 15:24:26 WARNING  __main__ :: Plan for T0873 already exists at 'techniques/attack/ics/T0873.json'. Skipping generation.
2025-09-26 15:24:26 WARNING  __main__ :: Plan for T0840 already exists at 'techniques/attack/ics/T0840.json'. Skipping generation.
2025-09-26 15:24:26 WARNING  __main__ :: Plan for T0867 already exists at 'techniques/attack/ics/T0867.json'. Skipping generation.
2025-09-26 15:24:26 WARNING  __main__ :: Plan for T0839 already exists at 'techniques/attack/ics/T0839.json'. Skipping generation.
2025-09-26 15:24:26 WARNING  __main__ :: Plan for T0883 already exists at 'techniques/attack/ics/T0883.json'. Skipping generation.
2025-09-26 15:24:26 WARNING  __main__ :: Plan for T0893 already exists at 'techniques/attack/ics/T0893.json'. Skipping generation.
2025-09-26 15:24:26 WARNING  __main__ :: Plan for T0892 already exists at 'techniques/attack/ics/T0892.json'. Skipping generation.
2025-09-26 15:24:26 WARNING  __main__ :: Plan for T0889 already exists at 'techniques/attack/ics/T0889.json'. Skipping generation.
2025-09-26 15:24:26 INFO     __main__ :: Script finished successfully.
